0 285.163
1 295.569
2 307.35
3 316.985
4 327.427
5 337.895
6 350.078
7 362.551
8 373.776
9 384.612
10 397.428
11 408.411
12 417.666
13 426.83
14 439.269
15 450.678
16 459.059
17 473.934
18 485.1
19 494.9
20 504.567
21 512.511
22 521.777
23 530.34
24 539.686
25 548.314
26 556.978
27 565.348
28 573.894
29 584.009
30 592.272
31 601.284
32 608.599
33 617.87
34 625.127
35 634.9
36 642.001
37 649.175
38 658.189
39 665.467
40 673.417
41 680.117
42 686.73
43 694.995
44 700.7
45 707.13
46 714.951
47 721.135
48 727.497
49 734.126
50 740.722
51 746.75
52 753.997
53 761.003
54 766.529
55 773.091
56 779.535
57 785.127
58 789.872
59 795.543
60 801.04
61 806.328
62 811.221
63 816.769
64 821.045
65 825.563
66 830.23
67 834.636
68 838.595
69 842.027
70 845.131
71 848.668
72 851.91
73 855.584
74 858.949
75 862.913
76 866.626
77 870.164
78 873.15
79 876.055
80 879.511
81 882.633
82 885.311
83 887.66
84 890.281
85 892.254
86 894.443
87 896.64
88 899.008
89 901.151
90 903.255
91 905.411
92 907.265
93 909.173
94 910.549
95 912.044
96 913.403
97 914.66
98 916.049
99 916.919
100 917.914
101 918.773
102 919.917
103 920.675
104 921.421
105 922.065
106 922.674
107 923.132
108 923.683
109 924.073
110 924.495
111 924.834
112 925.241
113 925.506
114 925.823
115 926.009
116 926.228
117 926.425
118 926.626
119 926.763
120 926.832
121 926.945
122 927.101
123 927.174
124 927.272
125 927.348
126 927.417
127 927.587
128 927.706
129 927.791
130 927.839
131 927.879
132 927.908
133 927.944
134 928.053
135 928.098
136 928.124
137 928.124
138 928.165
139 928.197
140 928.243
141 928.306
142 928.354
143 928.415
144 928.447
145 928.457
146 928.475
147 928.481
148 928.512
149 928.533
150 928.534
151 928.539
152 928.539
153 928.541
154 928.558
155 928.564
156 928.564
157 928.593
158 928.603
159 928.62
160 928.62
161 928.627
162 928.646
163 928.658
164 928.658
165 928.658
166 928.658
167 928.66
168 928.663
169 928.675
170 928.675
171 928.675
172 928.693
173 928.693
174 928.694
175 928.695
176 928.695
177 928.695
178 928.695
179 928.697
180 928.7
181 928.7
182 928.704
183 928.705
184 928.715
185 928.715
186 928.715
187 928.715
188 928.715
189 928.715
190 928.715
191 928.715
192 928.715
193 928.715
194 928.72
195 928.72
196 928.729
197 928.729
198 928.729
199 928.729
200 928.729
201 928.729
202 928.729
203 928.729
204 928.729
205 928.729
206 928.729
207 928.729
208 928.729
209 928.729
210 928.729
211 928.737
212 928.738
213 928.739
214 928.739
215 928.746
216 928.748
217 928.748
218 928.748
219 928.748
220 928.748
221 928.748
222 928.748
223 928.748
224 928.748
225 928.748
226 928.748
227 928.749
228 928.749
229 928.752
230 928.752
231 928.752
232 928.752
233 928.752
234 928.752
235 928.752
236 928.752
237 928.752
238 928.752
239 928.752
240 928.752
241 928.756
242 928.756
243 928.756
244 928.756
245 928.756
246 928.756
247 928.756
248 928.756
249 928.756
250 928.756
251 928.756
252 928.756
253 928.756
254 928.756
255 928.756
256 928.756
257 928.756
258 928.756
259 928.756
260 928.756
261 928.756
262 928.756
263 928.757
264 928.757
265 928.757
266 928.762
267 928.762
268 928.762
269 928.762
270 928.762
271 928.766
272 928.766
273 928.766
274 928.766
275 928.766
276 928.766
277 928.766
278 928.766
279 928.766
280 928.766
281 928.766
282 928.766
283 928.766
284 928.766
285 928.767
286 928.767
287 928.767
288 928.767
289 928.767
290 928.767
291 928.767
292 928.767
293 928.769
294 928.769
295 928.769
296 928.769
297 928.769
298 928.769
299 928.769
300 928.769
301 928.769
302 928.769
303 928.769
304 928.769
305 928.769
306 928.769
307 928.769
308 928.769
309 928.769
310 928.769
311 928.769
312 928.769
313 928.769
314 928.769
315 928.769
316 928.769
317 928.769
318 928.769
319 928.769
320 928.769
321 928.769
322 928.769
323 928.769
324 928.769
325 928.769
326 928.769
327 928.771
328 928.771
329 928.772
330 928.773
331 928.773
332 928.773
333 928.773
334 928.773
335 928.773
336 928.773
337 928.773
338 928.773
339 928.773
340 928.773
341 928.774
342 928.774
343 928.774
344 928.774
345 928.774
346 928.774
347 928.774
348 928.774
349 928.774
350 928.775
351 928.775
352 928.775
353 928.776
354 928.776
355 928.776
356 928.776
357 928.776
358 928.776
359 928.776
360 928.776
361 928.776
362 928.776
363 928.776
364 928.776
365 928.776
366 928.776
367 928.776
368 928.776
369 928.776
370 928.776
371 928.776
372 928.776
373 928.776
374 928.776
375 928.776
376 928.776
377 928.776
378 928.776
379 928.776
380 928.776
381 928.776
382 928.776
383 928.776
384 928.776
385 928.776
386 928.776
387 928.777
388 928.777
389 928.777
390 928.777
391 928.777
392 928.778
393 928.778
394 928.778
395 928.778
396 928.778
397 928.778
398 928.778
399 928.778
400 928.783
401 928.783
402 928.783
403 928.783
404 928.783
405 928.783
406 928.783
407 928.783
408 928.783
409 928.789
410 928.789
411 928.789
412 928.789
413 928.789
414 928.789
415 928.789
416 928.789
417 928.79
418 928.79
419 928.79
420 928.798
421 928.798
422 928.798
423 928.798
424 928.798
425 928.798
426 928.798
427 928.798
428 928.798
429 928.798
430 928.798
431 928.798
432 928.798
433 928.798
434 928.798
435 928.798
436 928.798
437 928.798
438 928.798
439 928.798
440 928.798
441 928.798
442 928.798
443 928.798
444 928.798
445 928.801
446 928.801
447 928.801
448 928.801
449 928.801
450 928.801
451 928.801
452 928.801
453 928.801
454 928.801
455 928.801
456 928.801
457 928.801
458 928.801
459 928.803
460 928.803
461 928.805
462 928.805
463 928.805
464 928.805
465 928.805
466 928.805
467 928.805
468 928.805
469 928.805
470 928.805
471 928.805
472 928.805
473 928.805
474 928.805
475 928.805
476 928.805
477 928.806
478 928.806
479 928.806
480 928.806
481 928.806
482 928.806
483 928.806
484 928.806
485 928.806
486 928.806
487 928.806
488 928.806
489 928.806
490 928.806
491 928.806
492 928.806
493 928.808
494 928.808
495 928.808
496 928.808
497 928.809
498 928.809
499 928.809
500 928.809
501 928.809
502 928.809
503 928.809
504 928.809
505 928.809
506 928.809
507 928.809
508 928.809
509 928.81
510 928.81
511 928.81
512 928.81
513 928.81
514 928.81
515 928.81
516 928.81
517 928.81
518 928.81
519 928.81
520 928.81
521 928.81
522 928.81
523 928.812
524 928.813
525 928.814
526 928.814
527 928.814
528 928.814
529 928.814
530 928.814
531 928.814
532 928.814
533 928.814
534 928.817
535 928.818
536 928.818
537 928.818
538 928.818
539 928.818
540 928.818
541 928.818
542 928.818
543 928.818
544 928.818
545 928.818
546 928.818
547 928.818
548 928.818
549 928.818
550 928.818
551 928.818
552 928.818
553 928.818
554 928.818
555 928.818
556 928.818
557 928.818
558 928.818
559 928.818
560 928.819
561 928.819
562 928.819
563 928.819
564 928.819
565 928.819
566 928.819
567 928.819
568 928.819
569 928.819
570 928.819
571 928.819
572 928.819
573 928.819
574 928.819
575 928.821
576 928.821
577 928.821
578 928.821
579 928.821
580 928.821
581 928.821
582 928.821
583 928.821
584 928.821
585 928.821
586 928.821
587 928.821
588 928.821
589 928.821
590 928.821
591 928.821
592 928.821
593 928.821
594 928.821
595 928.821
596 928.821
597 928.821
598 928.821
599 928.821
600 928.821
601 928.821
602 928.821
603 928.821
604 928.821
605 928.821
606 928.821
607 928.821
608 928.821
609 928.821
610 928.821
611 928.821
612 928.821
613 928.821
614 928.821
615 928.821
616 928.821
617 928.821
618 928.821
619 928.821
620 928.821
621 928.821
622 928.821
623 928.821
624 928.822
625 928.822
626 928.822
627 928.822
628 928.822
629 928.822
630 928.822
631 928.822
632 928.822
633 928.826
634 928.834
635 928.834
636 928.834
637 928.834
638 928.834
639 928.835
640 928.835
641 928.835
642 928.835
643 928.835
644 928.835
645 928.835
646 928.835
647 928.835
648 928.835
649 928.835
650 928.835
651 928.835
652 928.835
653 928.835
654 928.835
655 928.835
656 928.835
657 928.835
658 928.835
659 928.835
660 928.835
661 928.835
662 928.835
663 928.835
664 928.835
665 928.835
666 928.835
667 928.835
668 928.835
669 928.835
670 928.835
671 928.835
672 928.837
673 928.837
674 928.837
675 928.837
676 928.837
677 928.837
678 928.837
679 928.837
680 928.837
681 928.837
682 928.837
683 928.842
684 928.842
685 928.842
686 928.842
687 928.842
688 928.842
689 928.842
690 928.842
691 928.842
692 928.842
693 928.842
694 928.842
695 928.842
696 928.842
697 928.842
698 928.842
699 928.842
700 928.842
701 928.842
702 928.842
703 928.842
704 928.842
705 928.842
706 928.842
707 928.842
708 928.842
709 928.842
710 928.842
711 928.842
712 928.842
713 928.842
714 928.842
715 928.842
716 928.842
717 928.842
718 928.842
719 928.842
720 928.842
721 928.842
722 928.842
723 928.842
724 928.842
725 928.842
726 928.842
727 928.842
728 928.842
729 928.842
730 928.842
731 928.842
732 928.842
733 928.842
734 928.842
735 928.842
736 928.842
737 928.842
738 928.842
739 928.842
740 928.842
741 928.842
742 928.842
743 928.842
744 928.842
745 928.842
746 928.842
747 928.842
748 928.842
749 928.842
750 928.842
751 928.842
752 928.842
753 928.842
754 928.842
755 928.842
756 928.842
757 928.842
758 928.842
759 928.842
760 928.842
761 928.842
762 928.842
763 928.842
764 928.842
765 928.842
766 928.842
767 928.842
768 928.842
769 928.842
770 928.842
771 928.842
772 928.842
773 928.842
774 928.842
775 928.842
776 928.842
777 928.842
778 928.842
779 928.842
780 928.842
781 928.842
782 928.842
783 928.842
784 928.842
785 928.842
786 928.842
787 928.842
788 928.842
789 928.842
790 928.842
791 928.842
792 928.842
793 928.842
794 928.842
795 928.842
796 928.842
797 928.842
798 928.842
799 928.842
800 928.842
801 928.842
802 928.842
803 928.842
804 928.842
805 928.842
806 928.842
807 928.842
808 928.842
809 928.842
810 928.842
811 928.842
812 928.842
813 928.842
814 928.842
815 928.842
816 928.842
817 928.842
818 928.842
819 928.842
820 928.842
821 928.842
822 928.842
823 928.842
824 928.845
825 928.845
826 928.845
827 928.845
828 928.845
829 928.845
830 928.845
831 928.845
832 928.845
833 928.845
834 928.845
835 928.845
836 928.845
837 928.845
838 928.845
839 928.845
840 928.845
841 928.845
842 928.845
843 928.845
844 928.845
845 928.847
846 928.848
847 928.848
848 928.848
849 928.848
850 928.848
851 928.848
852 928.848
853 928.848
854 928.848
855 928.848
856 928.848
857 928.848
858 928.848
859 928.848
860 928.848
861 928.848
862 928.848
863 928.848
864 928.848
865 928.848
866 928.848
867 928.848
868 928.848
869 928.848
870 928.848
871 928.848
872 928.848
873 928.848
874 928.848
875 928.848
876 928.848
877 928.848
878 928.848
879 928.848
880 928.848
881 928.848
882 928.848
883 928.849
884 928.849
885 928.849
886 928.849
887 928.849
888 928.849
889 928.849
890 928.849
891 928.849
892 928.849
893 928.849
894 928.849
895 928.849
896 928.849
897 928.849
898 928.849
899 928.849
900 928.849
901 928.849
902 928.849
903 928.849
904 928.851
905 928.851
906 928.851
907 928.851
908 928.851
909 928.851
910 928.851
911 928.851
912 928.851
913 928.851
914 928.851
915 928.851
916 928.851
917 928.851
918 928.851
919 928.851
920 928.851
921 928.854
922 928.854
923 928.854
924 928.854
925 928.854
926 928.854
927 928.854
928 928.854
929 928.854
930 928.854
931 928.854
932 928.854
933 928.854
934 928.854
935 928.854
936 928.854
937 928.854
938 928.854
939 928.854
940 928.854
941 928.854
942 928.854
943 928.854
944 928.854
945 928.854
946 928.854
947 928.857
948 928.857
949 928.857
950 928.857
951 928.857
952 928.857
953 928.857
954 928.857
955 928.857
956 928.857
957 928.857
958 928.857
959 928.857
960 928.857
961 928.857
962 928.857
963 928.857
964 928.857
965 928.857
966 928.857
967 928.857
968 928.857
969 928.857
970 928.857
971 928.857
972 928.857
973 928.857
974 928.857
975 928.857
976 928.857
977 928.857
978 928.857
979 928.857
980 928.857
981 928.857
982 928.857
983 928.857
984 928.857
985 928.857
986 928.857
987 928.857
988 928.857
989 928.857
990 928.857
991 928.857
992 928.857
993 928.857
994 928.857
995 928.857
996 928.857
997 928.857
998 928.857
999 928.857
1000 928.857
1001 928.857
1002 928.857
1003 928.857
1004 928.857
1005 928.857
1006 928.857
1007 928.857
1008 928.857
1009 928.857
1010 928.857
1011 928.857
1012 928.857
1013 928.857
1014 928.857
1015 928.857
1016 928.857
1017 928.857
1018 928.857
1019 928.857
1020 928.857
1021 928.857
1022 928.857
1023 928.857
1024 928.857
1025 928.857
1026 928.857
1027 928.857
1028 928.857
1029 928.857
1030 928.857
1031 928.857
1032 928.857
1033 928.857
1034 928.857
1035 928.857
1036 928.857
1037 928.857
1038 928.857
1039 928.857
1040 928.857
1041 928.857
1042 928.857
1043 928.86
1044 928.86
1045 928.86
1046 928.86
1047 928.86
1048 928.86
1049 928.86
1050 928.86
1051 928.86
1052 928.86
1053 928.86
1054 928.86
1055 928.86
1056 928.86
1057 928.86
1058 928.86
1059 928.86
1060 928.86
1061 928.86
1062 928.86
1063 928.86
1064 928.86
1065 928.86
1066 928.86
1067 928.86
1068 928.86
1069 928.86
1070 928.86
1071 928.86
1072 928.86
1073 928.86
1074 928.862
1075 928.862
1076 928.862
1077 928.863
1078 928.863
1079 928.863
1080 928.863
1081 928.863
1082 928.863
1083 928.863
1084 928.863
1085 928.864
1086 928.864
1087 928.864
1088 928.864
1089 928.864
1090 928.864
1091 928.864
1092 928.864
1093 928.864
1094 928.864
1095 928.864
1096 928.864
1097 928.864
1098 928.864
1099 928.864
1100 928.864
1101 928.864
1102 928.864
1103 928.864
1104 928.864
1105 928.864
1106 928.864
1107 928.864
1108 928.864
1109 928.864
1110 928.864
1111 928.864
1112 928.864
1113 928.864
1114 928.864
1115 928.864
1116 928.864
1117 928.864
1118 928.865
1119 928.865
1120 928.865
1121 928.865
1122 928.865
1123 928.865
1124 928.865
1125 928.865
1126 928.865
1127 928.865
1128 928.865
1129 928.865
1130 928.865
1131 928.865
1132 928.865
1133 928.865
1134 928.865
1135 928.865
1136 928.865
1137 928.865
1138 928.865
1139 928.865
1140 928.865
1141 928.865
1142 928.865
1143 928.865
1144 928.865
1145 928.865
1146 928.865
1147 928.865
1148 928.865
1149 928.865
1150 928.865
1151 928.865
1152 928.865
1153 928.865
1154 928.865
1155 928.865
1156 928.865
1157 928.865
1158 928.865
1159 928.865
1160 928.865
1161 928.865
1162 928.865
1163 928.865
1164 928.865
1165 928.865
1166 928.865
1167 928.865
1168 928.865
1169 928.865
1170 928.865
1171 928.865
1172 928.865
1173 928.865
1174 928.868
1175 928.869
1176 928.869
1177 928.869
1178 928.869
1179 928.87
1180 928.87
1181 928.87
1182 928.87
1183 928.87
1184 928.87
1185 928.87
1186 928.87
1187 928.87
1188 928.87
1189 928.87
1190 928.871
1191 928.871
1192 928.871
1193 928.871
1194 928.871
1195 928.871
1196 928.871
1197 928.871
1198 928.871
1199 928.871
1200 928.871
1201 928.872
1202 928.872
1203 928.872
1204 928.872
1205 928.872
1206 928.872
1207 928.872
1208 928.872
1209 928.872
1210 928.872
1211 928.872
1212 928.872
1213 928.872
1214 928.872
1215 928.872
1216 928.872
1217 928.872
1218 928.872
1219 928.872
1220 928.872
1221 928.872
1222 928.872
1223 928.872
1224 928.872
1225 928.872
1226 928.872
1227 928.872
1228 928.872
1229 928.872
1230 928.872
1231 928.872
1232 928.872
1233 928.872
1234 928.872
1235 928.872
1236 928.872
1237 928.872
1238 928.872
1239 928.872
1240 928.872
1241 928.872
1242 928.872
1243 928.872
1244 928.872
1245 928.872
1246 928.872
1247 928.872
1248 928.872
1249 928.872
1250 928.872
1251 928.872
1252 928.872
1253 928.872
1254 928.872
1255 928.872
1256 928.872
1257 928.872
1258 928.872
1259 928.872
1260 928.872
1261 928.872
1262 928.872
1263 928.872
1264 928.872
1265 928.872
1266 928.872
1267 928.872
1268 928.872
1269 928.872
1270 928.872
1271 928.872
1272 928.872
1273 928.872
1274 928.872
1275 928.872
1276 928.872
1277 928.872
1278 928.872
1279 928.872
1280 928.872
1281 928.872
1282 928.872
1283 928.872
1284 928.872
1285 928.872
1286 928.872
1287 928.872
1288 928.872
1289 928.872
1290 928.872
1291 928.872
1292 928.872
1293 928.872
1294 928.873
1295 928.873
1296 928.873
1297 928.874
1298 928.874
1299 928.874
1300 928.874
1301 928.874
1302 928.874
1303 928.874
1304 928.874
1305 928.875
1306 928.875
1307 928.875
1308 928.875
1309 928.875
1310 928.875
1311 928.875
1312 928.875
1313 928.875
1314 928.875
1315 928.875
1316 928.875
1317 928.875
1318 928.875
1319 928.875
1320 928.875
1321 928.875
1322 928.875
1323 928.875
1324 928.875
1325 928.875
1326 928.875
1327 928.875
1328 928.875
1329 928.875
1330 928.875
1331 928.876
1332 928.876
1333 928.876
1334 928.876
1335 928.876
1336 928.876
1337 928.876
1338 928.876
1339 928.876
1340 928.876
1341 928.876
1342 928.876
1343 928.876
1344 928.876
1345 928.876
1346 928.876
1347 928.876
1348 928.876
1349 928.876
1350 928.876
1351 928.876
1352 928.876
1353 928.876
1354 928.876
1355 928.876
1356 928.876
1357 928.876
1358 928.876
1359 928.876
1360 928.876
1361 928.876
1362 928.876
1363 928.876
1364 928.876
1365 928.876
1366 928.876
1367 928.876
1368 928.876
1369 928.876
1370 928.876
1371 928.876
1372 928.881
1373 928.881
1374 928.881
1375 928.881
1376 928.881
1377 928.881
1378 928.881
1379 928.881
1380 928.881
1381 928.881
1382 928.881
1383 928.881
1384 928.881
1385 928.881
1386 928.881
1387 928.881
1388 928.881
1389 928.881
1390 928.881
1391 928.881
1392 928.881
1393 928.881
1394 928.881
1395 928.881
1396 928.881
1397 928.881
1398 928.883
1399 928.883
1400 928.883
1401 928.883
1402 928.883
1403 928.883
1404 928.883
1405 928.883
1406 928.883
1407 928.885
1408 928.885
1409 928.885
1410 928.885
1411 928.885
1412 928.885
1413 928.885
1414 928.885
1415 928.885
1416 928.885
1417 928.885
1418 928.885
1419 928.885
1420 928.885
1421 928.885
1422 928.885
1423 928.885
1424 928.885
1425 928.885
1426 928.885
1427 928.885
1428 928.885
1429 928.885
1430 928.885
1431 928.889
1432 928.889
1433 928.889
1434 928.889
1435 928.889
1436 928.889
1437 928.889
1438 928.889
1439 928.889
1440 928.889
1441 928.889
1442 928.889
1443 928.889
1444 928.889
1445 928.889
1446 928.889
1447 928.889
1448 928.89
1449 928.89
1450 928.89
1451 928.89
1452 928.89
1453 928.89
1454 928.89
1455 928.89
1456 928.89
1457 928.89
1458 928.89
1459 928.89
1460 928.89
1461 928.89
1462 928.89
1463 928.89
1464 928.89
1465 928.89
1466 928.89
1467 928.89
1468 928.89
1469 928.89
1470 928.89
1471 928.89
1472 928.89
1473 928.89
1474 928.89
1475 928.89
1476 928.89
1477 928.89
1478 928.89
1479 928.89
1480 928.89
1481 928.89
1482 928.89
1483 928.892
1484 928.892
1485 928.892
1486 928.892
1487 928.892
1488 928.892
1489 928.892
1490 928.892
1491 928.892
1492 928.892
1493 928.893
1494 928.893
1495 928.893
1496 928.893
1497 928.893
1498 928.893
1499 928.895
1500 928.896
1501 928.896
1502 928.896
1503 928.896
1504 928.896
1505 928.896
1506 928.896
1507 928.896
1508 928.896
1509 928.896
1510 928.896
1511 928.896
1512 928.896
1513 928.896
1514 928.896
1515 928.896
1516 928.896
1517 928.896
1518 928.896
1519 928.896
1520 928.896
1521 928.896
1522 928.897
1523 928.897
1524 928.897
1525 928.897
1526 928.897
1527 928.897
1528 928.898
1529 928.898
1530 928.898
1531 928.898
1532 928.898
1533 928.898
1534 928.898
1535 928.898
1536 928.898
1537 928.898
1538 928.898
1539 928.898
1540 928.898
1541 928.898
1542 928.898
1543 928.898
1544 928.898
1545 928.898
1546 928.898
1547 928.898
1548 928.898
1549 928.898
1550 928.898
1551 928.898
1552 928.898
1553 928.898
1554 928.898
1555 928.898
1556 928.898
1557 928.898
1558 928.898
1559 928.898
1560 928.898
1561 928.898
1562 928.898
1563 928.898
1564 928.898
1565 928.898
1566 928.898
1567 928.898
1568 928.898
1569 928.898
1570 928.898
1571 928.898
1572 928.898
1573 928.898
1574 928.898
1575 928.898
1576 928.898
1577 928.898
1578 928.898
1579 928.898
1580 928.898
1581 928.898
1582 928.898
1583 928.898
1584 928.898
1585 928.898
1586 928.898
1587 928.898
1588 928.898
1589 928.898
1590 928.898
1591 928.898
1592 928.898
1593 928.898
1594 928.898
1595 928.898
1596 928.898
1597 928.898
1598 928.898
1599 928.898
1600 928.898
1601 928.898
1602 928.898
1603 928.898
1604 928.898
1605 928.898
1606 928.898
1607 928.898
1608 928.898
1609 928.898
1610 928.898
1611 928.898
1612 928.898
1613 928.898
1614 928.898
1615 928.898
1616 928.898
1617 928.898
1618 928.898
1619 928.898
1620 928.898
1621 928.898
1622 928.898
1623 928.898
1624 928.898
1625 928.898
1626 928.898
1627 928.898
1628 928.898
1629 928.898
1630 928.898
1631 928.898
1632 928.898
1633 928.898
1634 928.898
1635 928.898
1636 928.898
1637 928.898
1638 928.898
1639 928.898
1640 928.899
1641 928.899
1642 928.899
1643 928.899
1644 928.899
1645 928.899
1646 928.899
1647 928.899
1648 928.899
1649 928.9
1650 928.9
1651 928.9
1652 928.9
1653 928.9
1654 928.9
1655 928.9
1656 928.9
1657 928.9
1658 928.9
1659 928.9
1660 928.9
1661 928.9
1662 928.9
1663 928.9
1664 928.9
1665 928.9
1666 928.9
1667 928.9
1668 928.9
1669 928.9
1670 928.9
1671 928.9
1672 928.9
1673 928.9
1674 928.9
1675 928.9
1676 928.9
1677 928.9
1678 928.9
1679 928.9
1680 928.9
1681 928.9
1682 928.9
1683 928.9
1684 928.9
1685 928.9
1686 928.9
1687 928.9
1688 928.9
1689 928.9
1690 928.9
1691 928.9
1692 928.9
1693 928.9
1694 928.9
1695 928.9
1696 928.9
1697 928.9
1698 928.9
1699 928.9
1700 928.9
1701 928.9
1702 928.9
1703 928.9
1704 928.9
1705 928.9
1706 928.9
1707 928.9
1708 928.9
1709 928.9
1710 928.9
1711 928.9
1712 928.9
1713 928.9
1714 928.9
1715 928.902
1716 928.902
1717 928.902
1718 928.902
1719 928.902
1720 928.902
1721 928.902
1722 928.902
1723 928.902
1724 928.902
1725 928.902
1726 928.902
1727 928.902
1728 928.902
1729 928.902
1730 928.902
1731 928.902
1732 928.902
1733 928.902
1734 928.902
1735 928.902
1736 928.902
1737 928.902
1738 928.902
1739 928.902
1740 928.902
1741 928.902
1742 928.902
1743 928.902
1744 928.902
1745 928.902
1746 928.902
1747 928.902
1748 928.902
1749 928.902
1750 928.902
1751 928.902
1752 928.902
1753 928.902
1754 928.902
1755 928.902
1756 928.902
1757 928.902
1758 928.902
1759 928.902
1760 928.902
1761 928.902
1762 928.902
1763 928.902
1764 928.902
1765 928.902
1766 928.902
1767 928.902
1768 928.902
1769 928.902
1770 928.902
1771 928.902
1772 928.902
1773 928.902
1774 928.902
1775 928.902
1776 928.902
1777 928.902
1778 928.902
1779 928.902
1780 928.902
1781 928.902
1782 928.902
1783 928.902
1784 928.902
1785 928.902
1786 928.902
1787 928.902
1788 928.902
1789 928.902
1790 928.902
1791 928.902
1792 928.902
1793 928.902
1794 928.902
1795 928.902
1796 928.902
1797 928.902
1798 928.902
1799 928.902
1800 928.902
1801 928.902
1802 928.902
1803 928.902
1804 928.902
1805 928.902
1806 928.902
1807 928.902
1808 928.902
1809 928.902
1810 928.902
1811 928.902
1812 928.902
1813 928.902
1814 928.902
1815 928.902
1816 928.902
1817 928.902
1818 928.902
1819 928.902
1820 928.902
1821 928.902
1822 928.902
1823 928.902
1824 928.902
1825 928.902
1826 928.902
1827 928.902
1828 928.902
1829 928.902
1830 928.902
1831 928.902
1832 928.902
1833 928.902
1834 928.902
1835 928.902
1836 928.902
1837 928.902
1838 928.902
1839 928.902
1840 928.902
1841 928.902
1842 928.903
1843 928.903
1844 928.903
1845 928.903
1846 928.903
1847 928.903
1848 928.903
1849 928.903
1850 928.903
1851 928.903
1852 928.903
1853 928.903
1854 928.903
1855 928.903
1856 928.903
1857 928.903
1858 928.903
1859 928.905
1860 928.906
1861 928.906
1862 928.906
1863 928.906
1864 928.906
1865 928.906
1866 928.906
1867 928.906
1868 928.906
1869 928.906
1870 928.906
1871 928.906
1872 928.906
1873 928.906
1874 928.906
1875 928.906
1876 928.906
1877 928.906
1878 928.906
1879 928.906
1880 928.906
1881 928.908
1882 928.908
1883 928.908
1884 928.908
1885 928.908
1886 928.908
1887 928.908
1888 928.908
1889 928.908
1890 928.908
1891 928.908
1892 928.908
1893 928.908
1894 928.908
1895 928.908
1896 928.908
1897 928.908
1898 928.908
1899 928.908
1900 928.908
1901 928.908
1902 928.908
1903 928.908
1904 928.908
1905 928.908
1906 928.908
1907 928.908
1908 928.908
1909 928.908
1910 928.908
1911 928.908
1912 928.908
1913 928.908
1914 928.908
1915 928.908
1916 928.908
1917 928.908
1918 928.908
1919 928.908
1920 928.908
1921 928.908
1922 928.908
1923 928.908
1924 928.908
1925 928.908
1926 928.908
1927 928.908
1928 928.908
1929 928.908
1930 928.908
1931 928.908
1932 928.909
1933 928.909
1934 928.909
1935 928.909
1936 928.909
1937 928.909
1938 928.909
1939 928.909
1940 928.909
1941 928.909
1942 928.909
1943 928.909
1944 928.909
1945 928.909
1946 928.909
1947 928.909
1948 928.909
1949 928.909
1950 928.909
1951 928.909
1952 928.909
1953 928.909
1954 928.909
1955 928.909
1956 928.909
1957 928.909
1958 928.909
1959 928.909
1960 928.909
1961 928.913
1962 928.913
1963 928.913
1964 928.913
1965 928.913
1966 928.913
1967 928.913
1968 928.913
1969 928.913
1970 928.913
1971 928.913
1972 928.913
1973 928.913
1974 928.913
1975 928.913
1976 928.913
1977 928.913
1978 928.913
1979 928.913
1980 928.913
1981 928.913
1982 928.913
1983 928.913
1984 928.913
1985 928.913
1986 928.913
1987 928.913
1988 928.913
1989 928.913
1990 928.913
1991 928.914
1992 928.914
1993 928.914
1994 928.914
1995 928.914
1996 928.914
1997 928.916
1998 928.916
1999 928.916
2000 928.916
2001 928.916
2002 928.916
2003 928.916
2004 928.916
2005 928.916
2006 928.916
2007 928.916
2008 928.916
2009 928.916
2010 928.916
2011 928.916
2012 928.916
2013 928.916
2014 928.916
2015 928.916
2016 928.916
2017 928.916
2018 928.916
2019 928.916
2020 928.916
2021 928.916
2022 928.916
2023 928.916
2024 928.916
2025 928.916
2026 928.916
2027 928.916
2028 928.916
2029 928.916
2030 928.916
2031 928.916
2032 928.916
2033 928.916
2034 928.916
2035 928.916
2036 928.916
2037 928.916
2038 928.916
2039 928.916
2040 928.916
2041 928.916
2042 928.916
2043 928.917
2044 928.917
2045 928.917
2046 928.917
2047 928.917
2048 928.917
2049 928.917
2050 928.917
2051 928.917
2052 928.917
2053 928.917
2054 928.917
2055 928.917
2056 928.917
2057 928.917
2058 928.918
2059 928.918
2060 928.918
2061 928.919
2062 928.919
2063 928.919
2064 928.919
2065 928.919
2066 928.919
2067 928.919
2068 928.919
2069 928.919
2070 928.919
2071 928.919
2072 928.919
2073 928.919
2074 928.919
2075 928.919
2076 928.919
2077 928.919
2078 928.919
2079 928.919
2080 928.919
2081 928.919
2082 928.919
2083 928.919
2084 928.919
2085 928.919
2086 928.919
2087 928.919
2088 928.919
2089 928.919
2090 928.919
2091 928.919
2092 928.919
2093 928.919
2094 928.919
2095 928.919
2096 928.919
2097 928.919
2098 928.919
2099 928.919
2100 928.919
2101 928.919
2102 928.919
2103 928.919
2104 928.919
2105 928.919
2106 928.919
2107 928.919
2108 928.919
2109 928.919
2110 928.919
2111 928.919
2112 928.919
2113 928.919
2114 928.919
2115 928.919
2116 928.919
2117 928.919
2118 928.919
2119 928.919
2120 928.919
2121 928.919
2122 928.919
2123 928.919
2124 928.919
2125 928.919
2126 928.919
2127 928.919
2128 928.919
2129 928.919
2130 928.919
2131 928.919
2132 928.919
2133 928.919
2134 928.919
2135 928.919
2136 928.919
2137 928.919
2138 928.92
2139 928.92
2140 928.92
2141 928.92
2142 928.92
2143 928.92
2144 928.92
2145 928.92
2146 928.92
2147 928.92
2148 928.92
2149 928.92
2150 928.92
2151 928.92
2152 928.92
2153 928.92
2154 928.92
2155 928.92
2156 928.92
2157 928.92
2158 928.92
2159 928.92
2160 928.922
2161 928.922
2162 928.922
2163 928.922
2164 928.922
2165 928.922
2166 928.922
2167 928.923
2168 928.923
2169 928.923
2170 928.923
2171 928.923
2172 928.923
2173 928.923
2174 928.923
2175 928.923
2176 928.923
2177 928.923
2178 928.923
2179 928.923
2180 928.923
2181 928.923
2182 928.923
2183 928.923
2184 928.923
2185 928.923
2186 928.923
2187 928.923
2188 928.923
2189 928.923
2190 928.923
2191 928.923
2192 928.923
2193 928.923
2194 928.923
2195 928.923
2196 928.923
2197 928.923
2198 928.923
2199 928.923
2200 928.923
2201 928.923
2202 928.923
2203 928.923
2204 928.923
2205 928.923
2206 928.924
2207 928.924
2208 928.924
2209 928.924
2210 928.924
2211 928.924
2212 928.924
2213 928.924
2214 928.924
2215 928.924
2216 928.924
2217 928.925
2218 928.925
2219 928.925
2220 928.925
2221 928.925
2222 928.925
2223 928.925
2224 928.925
2225 928.925
2226 928.925
2227 928.925
2228 928.925
2229 928.925
2230 928.925
2231 928.925
2232 928.925
2233 928.925
2234 928.925
2235 928.925
2236 928.925
2237 928.925
2238 928.925
2239 928.925
2240 928.925
2241 928.925
2242 928.925
2243 928.925
2244 928.925
2245 928.925
2246 928.925
2247 928.925
2248 928.925
2249 928.925
2250 928.925
2251 928.925
2252 928.925
2253 928.926
2254 928.926
2255 928.926
2256 928.926
2257 928.926
2258 928.926
2259 928.926
2260 928.926
2261 928.926
2262 928.926
2263 928.926
2264 928.926
2265 928.926
2266 928.926
2267 928.926
2268 928.926
2269 928.926
2270 928.926
2271 928.926
2272 928.926
2273 928.926
2274 928.926
2275 928.926
2276 928.926
2277 928.926
2278 928.926
2279 928.926
2280 928.926
2281 928.926
2282 928.926
2283 928.926
2284 928.926
2285 928.926
2286 928.926
2287 928.926
2288 928.926
2289 928.926
2290 928.926
2291 928.926
2292 928.926
2293 928.926
2294 928.926
2295 928.926
2296 928.926
2297 928.926
2298 928.926
2299 928.926
2300 928.926
2301 928.926
2302 928.926
2303 928.926
2304 928.926
2305 928.926
2306 928.926
2307 928.926
2308 928.926
2309 928.928
2310 928.928
2311 928.928
2312 928.928
2313 928.928
2314 928.928
2315 928.928
2316 928.928
2317 928.928
2318 928.928
2319 928.928
2320 928.928
2321 928.928
2322 928.928
2323 928.928
2324 928.928
2325 928.928
2326 928.928
2327 928.928
2328 928.928
2329 928.928
2330 928.928
2331 928.928
2332 928.928
2333 928.928
2334 928.928
2335 928.928
2336 928.928
2337 928.928
2338 928.928
2339 928.928
2340 928.928
2341 928.929
2342 928.929
2343 928.929
2344 928.929
2345 928.929
2346 928.929
2347 928.929
2348 928.929
2349 928.929
2350 928.929
2351 928.929
2352 928.929
2353 928.929
2354 928.929
2355 928.929
2356 928.929
2357 928.931
2358 928.931
2359 928.931
2360 928.931
2361 928.931
2362 928.931
2363 928.931
2364 928.931
2365 928.932
2366 928.932
2367 928.932
2368 928.932
2369 928.932
2370 928.932
2371 928.932
2372 928.932
2373 928.932
2374 928.932
2375 928.932
2376 928.932
2377 928.932
2378 928.932
2379 928.932
2380 928.932
2381 928.932
2382 928.932
2383 928.932
2384 928.932
2385 928.932
2386 928.932
2387 928.932
2388 928.932
2389 928.932
2390 928.933
2391 928.933
2392 928.933
2393 928.933
2394 928.933
2395 928.933
2396 928.934
2397 928.934
2398 928.934
2399 928.934
2400 928.934
2401 928.934
2402 928.934
2403 928.934
2404 928.934
2405 928.934
2406 928.934
2407 928.934
2408 928.934
2409 928.935
2410 928.935
2411 928.935
2412 928.935
2413 928.935
2414 928.935
2415 928.935
2416 928.935
2417 928.935
2418 928.935
2419 928.935
2420 928.935
2421 928.935
2422 928.935
2423 928.935
2424 928.935
2425 928.935
2426 928.935
2427 928.935
2428 928.935
2429 928.935
2430 928.935
2431 928.935
2432 928.935
2433 928.935
2434 928.935
2435 928.935
2436 928.935
2437 928.935
2438 928.935
2439 928.935
2440 928.935
2441 928.935
2442 928.935
2443 928.937
2444 928.937
2445 928.937
2446 928.937
2447 928.937
2448 928.937
2449 928.937
2450 928.937
2451 928.937
2452 928.937
2453 928.937
2454 928.937
2455 928.937
2456 928.937
2457 928.937
2458 928.939
2459 928.939
2460 928.939
2461 928.939
2462 928.939
2463 928.939
2464 928.939
2465 928.939
2466 928.939
2467 928.939
2468 928.939
2469 928.939
2470 928.939
2471 928.939
2472 928.939
2473 928.939
2474 928.939
2475 928.939
2476 928.939
2477 928.939
2478 928.939
2479 928.94
2480 928.94
2481 928.94
2482 928.94
2483 928.94
2484 928.94
2485 928.94
2486 928.94
2487 928.94
2488 928.94
2489 928.94
2490 928.94
2491 928.94
2492 928.94
2493 928.94
2494 928.94
2495 928.94
2496 928.94
2497 928.94
2498 928.94
2499 928.94
2500 928.94
2501 928.94
2502 928.94
2503 928.94
2504 928.94
2505 928.94
2506 928.94
2507 928.94
2508 928.94
2509 928.94
2510 928.94
2511 928.94
2512 928.94
2513 928.94
2514 928.94
2515 928.94
2516 928.94
2517 928.94
2518 928.94
2519 928.94
2520 928.94
2521 928.94
2522 928.94
2523 928.94
2524 928.94
2525 928.94
2526 928.94
2527 928.94
2528 928.94
2529 928.94
2530 928.94
2531 928.94
2532 928.94
2533 928.94
2534 928.94
2535 928.94
2536 928.94
2537 928.94
2538 928.94
2539 928.94
2540 928.94
2541 928.94
2542 928.94
2543 928.94
2544 928.94
2545 928.94
2546 928.94
2547 928.94
2548 928.94
2549 928.94
2550 928.94
2551 928.94
2552 928.94
2553 928.94
2554 928.94
2555 928.94
2556 928.94
2557 928.94
2558 928.94
2559 928.94
2560 928.94
2561 928.94
2562 928.94
2563 928.94
2564 928.94
2565 928.94
2566 928.94
2567 928.94
2568 928.94
2569 928.94
2570 928.94
2571 928.94
2572 928.94
2573 928.94
2574 928.94
2575 928.94
2576 928.94
2577 928.94
2578 928.94
2579 928.94
2580 928.94
2581 928.94
2582 928.94
2583 928.94
2584 928.94
2585 928.94
2586 928.94
2587 928.94
2588 928.94
2589 928.94
2590 928.94
2591 928.94
2592 928.94
2593 928.94
2594 928.94
2595 928.94
2596 928.94
2597 928.94
2598 928.94
2599 928.94
2600 928.94
2601 928.94
2602 928.94
2603 928.94
2604 928.94
2605 928.94
2606 928.94
2607 928.94
2608 928.94
2609 928.94
2610 928.94
2611 928.94
2612 928.942
2613 928.942
2614 928.942
2615 928.942
2616 928.942
2617 928.942
2618 928.942
2619 928.942
2620 928.942
2621 928.942
2622 928.942
2623 928.942
2624 928.942
2625 928.942
2626 928.942
2627 928.942
2628 928.942
2629 928.942
2630 928.942
2631 928.942
2632 928.942
2633 928.942
2634 928.942
2635 928.942
2636 928.942
2637 928.942
2638 928.942
2639 928.942
2640 928.942
2641 928.942
2642 928.942
2643 928.942
2644 928.942
2645 928.942
2646 928.942
2647 928.942
2648 928.942
2649 928.942
2650 928.942
2651 928.942
2652 928.942
2653 928.942
2654 928.942
2655 928.942
2656 928.943
2657 928.943
2658 928.943
2659 928.943
2660 928.943
2661 928.943
2662 928.943
2663 928.943
2664 928.943
2665 928.943
2666 928.943
2667 928.943
2668 928.943
2669 928.943
2670 928.943
2671 928.943
2672 928.943
2673 928.943
2674 928.943
2675 928.943
2676 928.943
2677 928.946
2678 928.946
2679 928.947
2680 928.947
2681 928.947
2682 928.947
2683 928.947
2684 928.947
2685 928.947
2686 928.947
2687 928.947
2688 928.947
2689 928.947
2690 928.947
2691 928.947
2692 928.947
2693 928.947
2694 928.947
2695 928.947
2696 928.947
2697 928.947
2698 928.947
2699 928.947
2700 928.947
2701 928.947
2702 928.947
2703 928.947
2704 928.947
2705 928.947
2706 928.947
2707 928.947
2708 928.947
2709 928.947
2710 928.947
2711 928.947
2712 928.947
2713 928.947
2714 928.947
2715 928.947
2716 928.947
2717 928.947
2718 928.947
2719 928.947
2720 928.947
2721 928.947
2722 928.949
2723 928.949
2724 928.949
2725 928.949
2726 928.949
2727 928.949
2728 928.949
2729 928.95
2730 928.951
2731 928.951
2732 928.951
2733 928.951
2734 928.951
2735 928.951
2736 928.951
2737 928.951
2738 928.951
2739 928.951
2740 928.951
2741 928.951
2742 928.952
2743 928.953
2744 928.953
2745 928.953
2746 928.953
2747 928.953
2748 928.953
2749 928.953
2750 928.953
2751 928.953
2752 928.953
2753 928.953
2754 928.953
2755 928.953
2756 928.953
2757 928.953
2758 928.953
2759 928.953
2760 928.953
2761 928.953
2762 928.953
2763 928.953
2764 928.953
2765 928.953
2766 928.953
2767 928.953
2768 928.953
2769 928.953
2770 928.953
2771 928.953
2772 928.953
2773 928.953
2774 928.953
2775 928.953
2776 928.953
2777 928.953
2778 928.953
2779 928.953
2780 928.953
2781 928.953
2782 928.953
2783 928.953
2784 928.953
2785 928.953
2786 928.953
2787 928.953
2788 928.953
2789 928.953
2790 928.953
2791 928.953
2792 928.953
2793 928.953
2794 928.953
2795 928.953
2796 928.953
2797 928.953
2798 928.953
2799 928.953
2800 928.953
2801 928.953
2802 928.953
2803 928.953
2804 928.953
2805 928.953
2806 928.953
2807 928.953
2808 928.953
2809 928.953
2810 928.953
2811 928.953
2812 928.953
2813 928.953
2814 928.953
2815 928.953
2816 928.953
2817 928.953
2818 928.953
2819 928.953
2820 928.953
2821 928.953
2822 928.953
2823 928.953
2824 928.953
2825 928.954
2826 928.954
2827 928.954
2828 928.954
2829 928.954
2830 928.956
2831 928.956
2832 928.956
2833 928.956
2834 928.956
2835 928.956
2836 928.956
2837 928.956
2838 928.956
2839 928.956
2840 928.956
2841 928.956
2842 928.956
2843 928.956
2844 928.956
2845 928.956
2846 928.956
2847 928.956
2848 928.956
2849 928.956
2850 928.956
2851 928.956
2852 928.956
2853 928.956
2854 928.956
2855 928.956
2856 928.956
2857 928.956
2858 928.956
2859 928.956
2860 928.956
2861 928.956
2862 928.956
2863 928.956
2864 928.956
2865 928.956
2866 928.956
2867 928.956
2868 928.956
2869 928.956
2870 928.956
2871 928.956
2872 928.956
2873 928.956
2874 928.956
2875 928.956
2876 928.956
2877 928.956
2878 928.956
2879 928.956
2880 928.956
2881 928.956
2882 928.956
2883 928.956
2884 928.956
2885 928.956
2886 928.956
2887 928.956
2888 928.956
2889 928.956
2890 928.956
2891 928.956
2892 928.956
2893 928.956
2894 928.956
2895 928.956
2896 928.956
2897 928.956
2898 928.956
2899 928.956
2900 928.956
2901 928.956
2902 928.956
2903 928.956
2904 928.956
2905 928.956
2906 928.956
2907 928.956
2908 928.956
2909 928.956
2910 928.956
2911 928.956
2912 928.956
2913 928.956
2914 928.956
2915 928.956
2916 928.956
2917 928.956
2918 928.956
2919 928.956
2920 928.956
2921 928.956
2922 928.956
2923 928.956
2924 928.956
2925 928.957
2926 928.957
2927 928.957
2928 928.957
2929 928.957
2930 928.957
2931 928.957
2932 928.957
2933 928.957
2934 928.957
2935 928.957
2936 928.957
2937 928.957
2938 928.957
2939 928.957
2940 928.957
2941 928.957
2942 928.957
2943 928.957
2944 928.957
2945 928.957
2946 928.957
2947 928.957
2948 928.957
2949 928.957
2950 928.957
2951 928.958
2952 928.958
2953 928.958
2954 928.958
2955 928.958
2956 928.958
2957 928.959
2958 928.959
2959 928.959
2960 928.959
2961 928.959
2962 928.959
2963 928.959
2964 928.959
2965 928.959
2966 928.959
2967 928.959
2968 928.959
2969 928.959
2970 928.959
2971 928.959
2972 928.959
2973 928.959
2974 928.959
2975 928.959
2976 928.959
2977 928.959
2978 928.959
2979 928.959
2980 928.959
2981 928.959
2982 928.959
2983 928.959
2984 928.959
2985 928.959
2986 928.959
2987 928.959
2988 928.959
2989 928.959
2990 928.959
2991 928.959
2992 928.959
2993 928.959
2994 928.959
2995 928.959
2996 928.959
2997 928.959
2998 928.959
2999 928.959
3000 928.959
3001 928.959
3002 928.959
3003 928.959
3004 928.959
3005 928.959
3006 928.959
3007 928.959
3008 928.959
3009 928.959
3010 928.959
3011 928.959
3012 928.959
3013 928.959
3014 928.96
3015 928.96
3016 928.96
3017 928.96
3018 928.96
3019 928.96
3020 928.96
3021 928.96
3022 928.96
3023 928.96
3024 928.96
3025 928.96
3026 928.96
3027 928.96
3028 928.96
3029 928.961
3030 928.961
3031 928.961
3032 928.961
3033 928.961
3034 928.961
3035 928.961
3036 928.961
3037 928.961
3038 928.962
3039 928.962
3040 928.962
3041 928.962
3042 928.962
3043 928.962
3044 928.962
3045 928.962
3046 928.962
3047 928.962
3048 928.962
3049 928.962
3050 928.962
3051 928.962
3052 928.962
3053 928.962
3054 928.962
3055 928.962
3056 928.962
3057 928.962
3058 928.962
3059 928.962
3060 928.962
3061 928.962
3062 928.962
3063 928.962
3064 928.962
3065 928.962
3066 928.962
3067 928.962
3068 928.962
3069 928.962
3070 928.962
3071 928.962
3072 928.962
3073 928.962
3074 928.962
3075 928.962
3076 928.962
3077 928.962
3078 928.962
3079 928.962
3080 928.962
3081 928.962
3082 928.962
3083 928.962
3084 928.962
3085 928.962
3086 928.962
3087 928.962
3088 928.962
3089 928.962
3090 928.962
3091 928.962
3092 928.962
3093 928.962
3094 928.962
3095 928.962
3096 928.962
3097 928.962
3098 928.962
3099 928.962
3100 928.962
3101 928.962
3102 928.962
3103 928.962
3104 928.962
3105 928.962
3106 928.962
3107 928.962
3108 928.962
3109 928.962
3110 928.962
3111 928.962
3112 928.962
3113 928.962
3114 928.962
3115 928.962
3116 928.962
3117 928.963
3118 928.963
3119 928.964
3120 928.964
3121 928.964
3122 928.964
3123 928.964
3124 928.964
3125 928.964
3126 928.964
3127 928.964
3128 928.964
3129 928.964
3130 928.964
3131 928.964
3132 928.964
3133 928.964
3134 928.965
3135 928.965
3136 928.965
3137 928.965
3138 928.965
3139 928.965
3140 928.965
3141 928.965
3142 928.965
3143 928.965
3144 928.965
3145 928.965
3146 928.965
3147 928.965
3148 928.965
3149 928.965
3150 928.965
3151 928.966
3152 928.966
3153 928.966
3154 928.966
3155 928.966
3156 928.966
3157 928.966
3158 928.966
3159 928.966
3160 928.966
3161 928.966
3162 928.966
3163 928.966
3164 928.966
3165 928.966
3166 928.966
3167 928.966
3168 928.966
3169 928.966
3170 928.967
3171 928.967
3172 928.967
3173 928.967
3174 928.967
3175 928.967
3176 928.967
3177 928.967
3178 928.967
3179 928.967
3180 928.967
3181 928.967
3182 928.967
3183 928.97
3184 928.97
3185 928.97
3186 928.97
3187 928.97
3188 928.97
3189 928.971
3190 928.971
3191 928.971
3192 928.972
3193 928.972
3194 928.972
3195 928.973
3196 928.973
3197 928.973
3198 928.973
3199 928.973
3200 928.973
3201 928.973
3202 928.973
3203 928.974
3204 928.974
3205 928.974
3206 928.974
3207 928.974
3208 928.974
3209 928.974
3210 928.974
3211 928.974
3212 928.974
3213 928.974
3214 928.974
3215 928.974
3216 928.974
3217 928.974
3218 928.974
3219 928.974
3220 928.974
3221 928.974
3222 928.974
3223 928.974
3224 928.974
3225 928.974
3226 928.974
3227 928.974
3228 928.974
3229 928.974
3230 928.974
3231 928.975
3232 928.976
3233 928.976
3234 928.976
3235 928.976
3236 928.976
3237 928.976
3238 928.976
3239 928.976
3240 928.976
3241 928.976
3242 928.976
3243 928.976
3244 928.976
3245 928.976
3246 928.976
3247 928.976
3248 928.976
3249 928.976
3250 928.976
3251 928.976
3252 928.976
3253 928.976
3254 928.976
3255 928.976
3256 928.976
3257 928.976
3258 928.976
3259 928.977
3260 928.977
3261 928.977
3262 928.977
3263 928.977
3264 928.977
3265 928.977
3266 928.977
3267 928.977
3268 928.977
3269 928.977
3270 928.977
3271 928.978
3272 928.978
3273 928.979
3274 928.979
3275 928.979
3276 928.979
3277 928.979
3278 928.979
3279 928.979
3280 928.979
3281 928.979
3282 928.979
3283 928.979
3284 928.979
3285 928.979
3286 928.979
3287 928.98
3288 928.98
3289 928.98
3290 928.98
3291 928.98
3292 928.98
3293 928.98
3294 928.98
3295 928.98
3296 928.98
3297 928.98
3298 928.98
3299 928.98
3300 928.98
3301 928.981
3302 928.982
3303 928.982
3304 928.982
3305 928.982
3306 928.982
3307 928.982
3308 928.982
3309 928.983
3310 928.983
3311 928.983
3312 928.983
3313 928.983
3314 928.983
3315 928.983
3316 928.983
3317 928.983
3318 928.983
3319 928.983
3320 928.983
3321 928.983
3322 928.983
3323 928.983
3324 928.983
3325 928.983
3326 928.983
3327 928.983
3328 928.983
3329 928.984
3330 928.984
3331 928.984
3332 928.984
3333 928.984
3334 928.984
3335 928.984
3336 928.984
3337 928.984
3338 928.984
3339 928.984
3340 928.984
3341 928.984
3342 928.984
3343 928.984
3344 928.984
3345 928.984
3346 928.984
3347 928.984
3348 928.984
3349 928.984
3350 928.984
3351 928.984
3352 928.984
3353 928.985
3354 928.985
3355 928.985
3356 928.985
3357 928.985
3358 928.985
3359 928.985
3360 928.985
3361 928.985
3362 928.985
3363 928.985
3364 928.985
3365 928.985
3366 928.985
3367 928.985
3368 928.985
3369 928.985
3370 928.985
3371 928.985
3372 928.985
3373 928.985
3374 928.985
3375 928.985
3376 928.985
3377 928.985
3378 928.985
3379 928.985
3380 928.985
3381 928.985
3382 928.985
3383 928.985
3384 928.985
3385 928.985
3386 928.985
3387 928.985
3388 928.985
3389 928.985
3390 928.985
3391 928.985
3392 928.985
3393 928.985
3394 928.985
3395 928.986
3396 928.986
3397 928.986
3398 928.986
3399 928.986
3400 928.986
3401 928.986
3402 928.986
3403 928.986
3404 928.986
3405 928.986
3406 928.986
3407 928.986
3408 928.986
3409 928.986
3410 928.986
3411 928.986
3412 928.986
3413 928.986
3414 928.986
3415 928.986
3416 928.986
3417 928.986
3418 928.986
3419 928.986
3420 928.986
3421 928.986
3422 928.986
3423 928.986
3424 928.986
3425 928.986
3426 928.986
3427 928.986
3428 928.986
3429 928.986
3430 928.986
3431 928.986
3432 928.986
3433 928.986
3434 928.986
3435 928.986
3436 928.986
3437 928.986
3438 928.986
3439 928.986
3440 928.986
3441 928.986
3442 928.986
3443 928.986
3444 928.986
3445 928.986
3446 928.986
3447 928.986
3448 928.986
3449 928.986
3450 928.986
3451 928.986
3452 928.986
3453 928.987
3454 928.987
3455 928.987
3456 928.987
3457 928.987
3458 928.987
3459 928.987
3460 928.987
3461 928.987
3462 928.987
3463 928.987
3464 928.987
3465 928.987
3466 928.987
3467 928.987
3468 928.987
3469 928.987
3470 928.987
3471 928.987
3472 928.988
3473 928.988
3474 928.988
3475 928.988
3476 928.988
3477 928.988
3478 928.988
3479 928.988
3480 928.988
3481 928.988
3482 928.988
3483 928.988
3484 928.988
3485 928.988
3486 928.988
3487 928.988
3488 928.988
3489 928.988
3490 928.988
3491 928.988
3492 928.988
3493 928.988
3494 928.988
3495 928.988
3496 928.988
3497 928.988
3498 928.988
3499 928.988
3500 928.988
3501 928.988
3502 928.988
3503 928.988
3504 928.988
3505 928.988
3506 928.988
3507 928.988
3508 928.988
3509 928.988
3510 928.988
3511 928.988
3512 928.988
3513 928.988
3514 928.988
3515 928.988
3516 928.988
3517 928.988
3518 928.988
3519 928.988
3520 928.988
3521 928.988
3522 928.988
3523 928.988
3524 928.988
3525 928.988
3526 928.988
3527 928.99
3528 928.99
3529 928.99
3530 928.99
3531 928.99
3532 928.99
3533 928.99
3534 928.99
3535 928.99
3536 928.99
3537 928.99
3538 928.994
3539 928.994
3540 928.994
3541 928.994
3542 928.994
3543 928.994
3544 928.994
3545 928.994
3546 928.994
3547 928.994
3548 928.994
3549 928.994
3550 928.996
3551 928.998
3552 928.998
3553 928.998
3554 928.998
3555 928.998
3556 928.998
3557 928.998
3558 928.998
3559 928.998
3560 928.998
3561 928.998
3562 928.998
3563 928.998
3564 928.998
3565 928.998
3566 928.998
3567 928.998
3568 928.998
3569 928.998
3570 928.998
3571 928.998
3572 928.998
3573 928.998
3574 928.998
3575 928.998
3576 928.998
3577 928.998
3578 928.998
3579 928.998
3580 928.998
3581 928.998
3582 928.998
3583 928.998
3584 928.998
3585 928.998
3586 928.998
3587 928.998
3588 928.998
3589 928.998
3590 928.998
3591 928.998
3592 928.998
3593 928.998
3594 928.998
3595 928.998
3596 928.998
3597 928.998
3598 928.998
3599 928.998
3600 928.998
3601 928.998
3602 928.998
3603 928.998
3604 928.998
3605 928.998
3606 928.998
3607 928.998
3608 928.998
3609 928.998
3610 928.998
3611 928.998
3612 928.998
3613 928.999
3614 928.999
3615 928.999
3616 928.999
3617 928.999
3618 928.999
3619 928.999
3620 928.999
3621 928.999
3622 929.001
3623 929.002
3624 929.002
3625 929.002
3626 929.002
3627 929.002
3628 929.002
3629 929.002
3630 929.002
3631 929.002
3632 929.002
3633 929.002
3634 929.003
3635 929.003
3636 929.003
3637 929.003
3638 929.003
3639 929.003
3640 929.003
3641 929.003
3642 929.003
3643 929.004
3644 929.004
3645 929.004
3646 929.004
3647 929.004
3648 929.004
3649 929.004
3650 929.004
3651 929.004
3652 929.004
3653 929.004
3654 929.004
3655 929.004
3656 929.004
3657 929.004
3658 929.004
3659 929.004
3660 929.004
3661 929.004
3662 929.004
3663 929.004
3664 929.004
3665 929.004
3666 929.004
3667 929.004
3668 929.004
3669 929.004
3670 929.005
3671 929.013
3672 929.013
3673 929.013
3674 929.013
3675 929.021
3676 929.021
3677 929.021
3678 929.021
3679 929.021
3680 929.021
3681 929.022
3682 929.022
3683 929.022
3684 929.022
3685 929.022
3686 929.022
3687 929.022
3688 929.022
3689 929.022
3690 929.022
3691 929.022
3692 929.022
3693 929.022
3694 929.022
3695 929.022
3696 929.022
3697 929.022
3698 929.022
3699 929.022
3700 929.022
3701 929.022
3702 929.022
3703 929.022
3704 929.022
3705 929.022
3706 929.022
3707 929.022
3708 929.025
3709 929.025
3710 929.032
3711 929.032
3712 929.032
3713 929.032
3714 929.033
3715 929.033
3716 929.033
3717 929.033
3718 929.033
3719 929.033
3720 929.033
3721 929.033
3722 929.033
3723 929.033
3724 929.033
3725 929.033
3726 929.033
3727 929.033
3728 929.033
3729 929.033
3730 929.033
3731 929.033
3732 929.033
3733 929.033
3734 929.033
3735 929.033
3736 929.039
3737 929.039
3738 929.039
3739 929.039
3740 929.039
3741 929.039
3742 929.039
3743 929.039
3744 929.039
3745 929.039
3746 929.039
3747 929.043
3748 929.043
3749 929.043
3750 929.043
3751 929.043
3752 929.043
3753 929.043
3754 929.043
3755 929.043
3756 929.043
3757 929.043
3758 929.045
3759 929.05
3760 929.05
3761 929.051
3762 929.051
3763 929.051
3764 929.051
3765 929.051
3766 929.052
3767 929.052
3768 929.052
3769 929.052
3770 929.052
3771 929.052
3772 929.052
3773 929.052
3774 929.052
3775 929.052
3776 929.052
3777 929.052
3778 929.052
3779 929.052
3780 929.052
3781 929.052
3782 929.052
3783 929.052
3784 929.052
3785 929.052
3786 929.052
3787 929.052
3788 929.052
3789 929.052
3790 929.052
3791 929.052
3792 929.052
3793 929.052
3794 929.057
3795 929.057
3796 929.057
3797 929.057
3798 929.057
3799 929.057
3800 929.057
3801 929.057
3802 929.057
3803 929.057
3804 929.057
3805 929.057
3806 929.057
3807 929.057
3808 929.057
3809 929.057
3810 929.057
3811 929.057
3812 929.057
3813 929.057
3814 929.057
3815 929.057
3816 929.057
3817 929.057
3818 929.057
3819 929.057
3820 929.057
3821 929.057
3822 929.057
3823 929.057
3824 929.057
3825 929.057
3826 929.057
3827 929.057
3828 929.057
3829 929.057
3830 929.057
3831 929.057
3832 929.057
3833 929.057
3834 929.057
3835 929.057
3836 929.057
3837 929.057
3838 929.057
3839 929.057
3840 929.057
3841 929.057
3842 929.057
3843 929.057
3844 929.057
3845 929.057
3846 929.057
3847 929.057
3848 929.057
3849 929.057
3850 929.057
3851 929.057
3852 929.057
3853 929.057
3854 929.057
3855 929.057
3856 929.057
3857 929.057
3858 929.057
3859 929.057
3860 929.057
3861 929.057
3862 929.057
3863 929.057
3864 929.057
3865 929.057
3866 929.057
3867 929.057
3868 929.057
3869 929.057
3870 929.057
3871 929.057
3872 929.057
3873 929.057
3874 929.057
3875 929.057
3876 929.057
3877 929.057
3878 929.057
3879 929.057
3880 929.057
3881 929.057
3882 929.057
3883 929.057
3884 929.057
3885 929.057
3886 929.057
3887 929.057
3888 929.057
3889 929.057
3890 929.057
3891 929.059
3892 929.059
3893 929.059
3894 929.059
3895 929.059
3896 929.059
3897 929.059
3898 929.059
3899 929.059
3900 929.059
3901 929.059
3902 929.059
3903 929.059
3904 929.059
3905 929.059
3906 929.059
3907 929.059
3908 929.063
3909 929.063
3910 929.063
3911 929.063
3912 929.063
3913 929.063
3914 929.063
3915 929.063
3916 929.063
3917 929.063
3918 929.063
3919 929.063
3920 929.063
3921 929.063
3922 929.063
3923 929.063
3924 929.063
3925 929.063
3926 929.063
3927 929.063
3928 929.063
3929 929.063
3930 929.063
3931 929.063
3932 929.063
3933 929.063
3934 929.063
3935 929.063
3936 929.063
3937 929.063
3938 929.063
3939 929.063
3940 929.063
3941 929.063
3942 929.063
3943 929.063
3944 929.063
3945 929.072
3946 929.074
3947 929.075
3948 929.075
3949 929.075
3950 929.075
3951 929.075
3952 929.075
3953 929.075
3954 929.075
3955 929.075
3956 929.075
3957 929.075
3958 929.075
3959 929.075
3960 929.075
3961 929.075
3962 929.075
3963 929.075
3964 929.075
3965 929.075
3966 929.075
3967 929.075
3968 929.075
3969 929.075
3970 929.075
3971 929.075
3972 929.075
3973 929.075
3974 929.075
3975 929.078
3976 929.078
3977 929.078
3978 929.078
3979 929.078
3980 929.078
3981 929.078
3982 929.078
3983 929.078
3984 929.078
3985 929.078
3986 929.078
3987 929.078
3988 929.078
3989 929.078
3990 929.078
3991 929.078
3992 929.078
3993 929.078
3994 929.088
3995 929.088
3996 929.088
3997 929.088
3998 929.088
3999 929.088
4000 929.088
4001 929.088
4002 929.088
4003 929.088
4004 929.088
4005 929.088
4006 929.088
4007 929.088
4008 929.088
4009 929.088
4010 929.088
4011 929.088
4012 929.088
4013 929.095
4014 929.096
4015 929.096
4016 929.098
4017 929.098
4018 929.098
4019 929.098
4020 929.099
4021 929.099
4022 929.099
4023 929.099
4024 929.099
4025 929.099
4026 929.099
4027 929.099
4028 929.099
4029 929.099
4030 929.099
4031 929.099
4032 929.114
4033 929.118
4034 929.118
4035 929.122
4036 929.122
4037 929.122
4038 929.122
4039 929.122
4040 929.122
4041 929.122
4042 929.122
4043 929.122
4044 929.123
4045 929.123
4046 929.123
4047 929.123
4048 929.123
4049 929.123
4050 929.123
4051 929.123
4052 929.123
4053 929.123
4054 929.126
4055 929.126
4056 929.126
4057 929.126
4058 929.126
4059 929.126
4060 929.126
4061 929.126
4062 929.126
4063 929.126
4064 929.126
4065 929.126
4066 929.126
4067 929.126
4068 929.126
4069 929.126
4070 929.126
4071 929.127
4072 929.127
4073 929.127
4074 929.127
4075 929.127
4076 929.135
4077 929.135
4078 929.135
4079 929.135
4080 929.135
4081 929.135
4082 929.135
4083 929.135
4084 929.135
4085 929.135
4086 929.135
4087 929.135
4088 929.135
4089 929.135
4090 929.135
4091 929.135
4092 929.135
4093 929.135
4094 929.135
4095 929.136
4096 929.136
4097 929.136
4098 929.136
4099 929.136
4100 929.137
4101 929.137
4102 929.137
4103 929.137
4104 929.137
4105 929.137
4106 929.137
4107 929.137
4108 929.137
4109 929.137
4110 929.137
4111 929.137
4112 929.137
4113 929.137
4114 929.137
4115 929.137
4116 929.137
4117 929.137
4118 929.137
4119 929.137
4120 929.137
4121 929.137
4122 929.137
4123 929.137
4124 929.137
4125 929.137
4126 929.137
4127 929.137
4128 929.137
4129 929.137
4130 929.137
4131 929.137
4132 929.137
4133 929.138
4134 929.14
4135 929.14
4136 929.14
4137 929.14
4138 929.14
4139 929.14
4140 929.14
4141 929.14
4142 929.145
4143 929.145
4144 929.145
4145 929.159
4146 929.159
4147 929.159
4148 929.161
4149 929.161
4150 929.161
4151 929.161
4152 929.161
4153 929.161
4154 929.161
4155 929.161
4156 929.161
4157 929.161
4158 929.161
4159 929.161
4160 929.161
4161 929.161
4162 929.161
4163 929.161
4164 929.161
4165 929.167
4166 929.167
4167 929.167
4168 929.174
4169 929.174
4170 929.174
4171 929.174
4172 929.174
4173 929.174
4174 929.178
4175 929.18
4176 929.183
4177 929.183
4178 929.183
4179 929.183
4180 929.183
4181 929.183
4182 929.183
4183 929.183
4184 929.183
4185 929.183
4186 929.183
4187 929.183
4188 929.183
4189 929.183
4190 929.183
4191 929.192
4192 929.192
4193 929.192
4194 929.199
4195 929.199
4196 929.199
4197 929.199
4198 929.199
4199 929.199
4200 929.199
4201 929.199
4202 929.199
4203 929.199
4204 929.199
4205 929.199
4206 929.199
4207 929.199
4208 929.199
4209 929.199
4210 929.202
4211 929.202
4212 929.202
4213 929.202
4214 929.202
4215 929.202
4216 929.202
4217 929.202
4218 929.202
4219 929.202
4220 929.202
4221 929.202
4222 929.202
4223 929.202
4224 929.202
4225 929.202
4226 929.202
4227 929.202
4228 929.202
4229 929.202
4230 929.202
4231 929.202
4232 929.202
4233 929.202
4234 929.202
4235 929.202
4236 929.202
4237 929.202
4238 929.202
4239 929.202
4240 929.202
4241 929.202
4242 929.202
4243 929.202
4244 929.203
4245 929.203
4246 929.203
4247 929.203
4248 929.203
4249 929.203
4250 929.203
4251 929.203
4252 929.203
4253 929.203
4254 929.203
4255 929.203
4256 929.203
4257 929.203
4258 929.203
4259 929.203
4260 929.203
4261 929.203
4262 929.203
4263 929.203
4264 929.203
4265 929.203
4266 929.203
4267 929.203
4268 929.203
4269 929.203
4270 929.203
4271 929.203
4272 929.203
4273 929.203
4274 929.203
4275 929.203
4276 929.203
4277 929.203
4278 929.203
4279 929.203
4280 929.203
4281 929.204
4282 929.206
4283 929.206
4284 929.206
4285 929.206
4286 929.206
4287 929.206
4288 929.212
4289 929.212
4290 929.212
4291 929.212
4292 929.212
4293 929.212
4294 929.212
4295 929.212
4296 929.212
4297 929.212
4298 929.212
4299 929.215
4300 929.215
4301 929.215
4302 929.215
4303 929.215
4304 929.227
4305 929.238
4306 929.24
4307 929.243
4308 929.246
4309 929.246
4310 929.246
4311 929.246
4312 929.247
4313 929.247
4314 929.247
4315 929.247
4316 929.262
4317 929.263
4318 929.266
4319 929.266
4320 929.268
4321 929.268
4322 929.268
4323 929.268
4324 929.268
4325 929.268
4326 929.268
4327 929.268
4328 929.268
4329 929.268
4330 929.268
4331 929.268
4332 929.268
4333 929.268
4334 929.268
4335 929.271
4336 929.272
4337 929.272
4338 929.272
4339 929.272
4340 929.272
4341 929.273
4342 929.273
4343 929.273
4344 929.273
4345 929.273
4346 929.273
4347 929.273
4348 929.273
4349 929.273
4350 929.273
4351 929.273
4352 929.274
4353 929.278
4354 929.278
4355 929.278
4356 929.278
4357 929.278
4358 929.288
4359 929.288
4360 929.288
4361 929.289
4362 929.289
4363 929.289
4364 929.293
4365 929.293
4366 929.293
4367 929.293
4368 929.293
4369 929.294
4370 929.307
4371 929.307
4372 929.307
4373 929.307
4374 929.307
4375 929.307
4376 929.307
4377 929.307
4378 929.307
4379 929.307
4380 929.307
4381 929.307
4382 929.309
4383 929.325
4384 929.325
4385 929.325
4386 929.325
4387 929.325
4388 929.325
4389 929.325
4390 929.325
4391 929.325
4392 929.33
4393 929.33
4394 929.33
4395 929.33
4396 929.33
4397 929.336
4398 929.336
4399 929.338
4400 929.338
4401 929.338
4402 929.338
4403 929.338
4404 929.353
4405 929.353
4406 929.358
4407 929.36
4408 929.36
4409 929.36
4410 929.36
4411 929.36
4412 929.36
4413 929.36
4414 929.363
4415 929.364
4416 929.364
4417 929.364
4418 929.372
4419 929.372
4420 929.372
4421 929.372
4422 929.372
4423 929.372
4424 929.372
4425 929.377
4426 929.377
4427 929.377
4428 929.377
4429 929.381
4430 929.381
4431 929.381
4432 929.381
4433 929.381
4434 929.381
4435 929.381
4436 929.383
4437 929.383
4438 929.383
4439 929.383
4440 929.383
4441 929.403
4442 929.405
4443 929.405
4444 929.417
4445 929.417
4446 929.417
4447 929.417
4448 929.417
4449 929.417
4450 929.417
4451 929.417
4452 929.417
4453 929.417
4454 929.417
4455 929.418
4456 929.418
4457 929.418
4458 929.418
4459 929.418
4460 929.418
4461 929.418
4462 929.418
4463 929.418
4464 929.418
4465 929.418
4466 929.418
4467 929.418
4468 929.418
4469 929.418
4470 929.418
4471 929.418
4472 929.418
4473 929.42
4474 929.42
4475 929.432
4476 929.433
4477 929.434
4478 929.434
4479 929.434
4480 929.434
4481 929.434
4482 929.434
4483 929.442
4484 929.442
4485 929.442
4486 929.442
4487 929.442
4488 929.442
4489 929.442
4490 929.442
4491 929.442
4492 929.449
4493 929.449
4494 929.449
4495 929.449
4496 929.459
4497 929.473
4498 929.473
4499 929.474
4500 929.474
4501 929.484
4502 929.484
4503 929.494
4504 929.528
4505 929.529
4506 929.529
4507 929.53
4508 929.531
4509 929.531
4510 929.531
4511 929.531
4512 929.531
4513 929.531
4514 929.531
4515 929.532
4516 929.532
4517 929.532
4518 929.532
4519 929.532
4520 929.532
4521 929.536
4522 929.537
4523 929.537
4524 929.541
4525 929.541
4526 929.541
4527 929.542
4528 929.543
4529 929.545
4530 929.545
4531 929.545
4532 929.554
4533 929.557
4534 929.557
4535 929.558
4536 929.558
4537 929.558
4538 929.558
4539 929.558
4540 929.561
4541 929.561
4542 929.57
4543 929.57
4544 929.57
4545 929.57
4546 929.57
4547 929.57
4548 929.57
4549 929.57
4550 929.57
4551 929.57
4552 929.57
4553 929.57
4554 929.57
4555 929.57
4556 929.577
4557 929.577
4558 929.577
4559 929.577
4560 929.577
4561 929.579
4562 929.579
4563 929.579
4564 929.579
4565 929.579
4566 929.579
4567 929.579
4568 929.579
4569 929.579
4570 929.579
4571 929.579
4572 929.579
4573 929.579
4574 929.579
4575 929.579
4576 929.579
4577 929.581
4578 929.582
4579 929.582
4580 929.592
4581 929.592
4582 929.601
4583 929.602
4584 929.602
4585 929.603
4586 929.603
4587 929.604
4588 929.612
4589 929.614
4590 929.614
4591 929.614
4592 929.614
4593 929.614
4594 929.615
4595 929.624
4596 929.624
4597 929.624
4598 929.624
4599 929.626
4600 929.626
4601 929.627
4602 929.627
4603 929.636
4604 929.636
4605 929.636
4606 929.636
4607 929.636
4608 929.644
4609 929.644
4610 929.644
4611 929.644
4612 929.644
4613 929.644
4614 929.644
4615 929.644
4616 929.644
4617 929.644
4618 929.644
4619 929.644
4620 929.645
4621 929.654
4622 929.657
4623 929.657
4624 929.657
4625 929.659
4626 929.659
4627 929.662
4628 929.663
4629 929.666
4630 929.666
4631 929.67
4632 929.67
4633 929.67
4634 929.67
4635 929.67
4636 929.67
4637 929.67
4638 929.678
4639 929.678
4640 929.678
4641 929.678
4642 929.678
4643 929.678
4644 929.685
4645 929.685
4646 929.685
4647 929.685
4648 929.685
4649 929.687
4650 929.687
4651 929.692
4652 929.694
4653 929.694
4654 929.694
4655 929.695
4656 929.696
4657 929.697
4658 929.698
4659 929.699
4660 929.699
4661 929.699
4662 929.706
4663 929.706
4664 929.706
4665 929.706
4666 929.706
4667 929.708
4668 929.708
4669 929.708
4670 929.708
4671 929.709
4672 929.709
4673 929.709
4674 929.711
4675 929.711
4676 929.714
4677 929.723
4678 929.728
4679 929.728
4680 929.728
4681 929.728
4682 929.728
4683 929.732
4684 929.733
4685 929.734
4686 929.734
4687 929.735
4688 929.736
4689 929.738
4690 929.738
4691 929.738
4692 929.741
4693 929.742
4694 929.742
4695 929.742
4696 929.742
4697 929.745
4698 929.745
4699 929.745
4700 929.746
4701 929.75
4702 929.75
4703 929.751
4704 929.752
4705 929.752
4706 929.752
4707 929.753
4708 929.754
4709 929.754
4710 929.76
4711 929.76
4712 929.761
4713 929.762
4714 929.763
4715 929.764
4716 929.766
4717 929.778
4718 929.778
4719 929.778
4720 929.778
4721 929.783
4722 929.786
4723 929.788
4724 929.788
4725 929.788
4726 929.788
4727 929.788
4728 929.789
4729 929.789
4730 929.789
4731 929.793
4732 929.796
4733 929.805
4734 929.805
4735 929.812
4736 929.812
4737 929.812
4738 929.812
4739 929.812
4740 929.813
4741 929.813
4742 929.813
4743 929.813
4744 929.813
4745 929.813
4746 929.813
4747 929.813
4748 929.813
4749 929.82
4750 929.821
4751 929.821
4752 929.824
4753 929.824
4754 929.826
4755 929.832
4756 929.832
4757 929.839
4758 929.839
4759 929.84
4760 929.84
4761 929.845
4762 929.845
4763 929.845
4764 929.846
4765 929.846
4766 929.846
4767 929.846
4768 929.846
4769 929.846
4770 929.847
4771 929.853
4772 929.854
4773 929.854
4774 929.854
4775 929.854
4776 929.854
4777 929.854
4778 929.854
4779 929.854
4780 929.854
4781 929.854
4782 929.855
4783 929.855
4784 929.858
4785 929.858
4786 929.86
4787 929.86
4788 929.86
4789 929.863
4790 929.863
4791 929.863
4792 929.864
4793 929.864
4794 929.864
4795 929.864
4796 929.864
4797 929.866
4798 929.87
4799 929.871
4800 929.871
4801 929.877
4802 929.877
4803 929.878
4804 929.878
4805 929.883
4806 929.884
4807 929.884
4808 929.884
4809 929.887
4810 929.889
4811 929.889
4812 929.89
4813 929.892
4814 929.892
4815 929.892
4816 929.892
4817 929.894
4818 929.895
4819 929.895
4820 929.896
4821 929.896
4822 929.898
4823 929.899
4824 929.899
4825 929.899
4826 929.901
4827 929.901
4828 929.901
4829 929.901
4830 929.901
4831 929.901
4832 929.907
4833 929.908
4834 929.909
4835 929.909
4836 929.909
4837 929.91
4838 929.91
4839 929.91
4840 929.91
4841 929.911
4842 929.912
4843 929.915
4844 929.915
4845 929.918
4846 929.918
4847 929.918
4848 929.918
4849 929.921
4850 929.921
4851 929.921
4852 929.924
4853 929.924
4854 929.925
4855 929.926
4856 929.926
4857 929.928
4858 929.93
4859 929.931
4860 929.931
4861 929.932
4862 929.932
4863 929.933
4864 929.933
4865 929.933
4866 929.933
4867 929.933
4868 929.933
4869 929.933
4870 929.934
4871 929.935
4872 929.936
4873 929.936
4874 929.936
4875 929.936
4876 929.938
4877 929.939
4878 929.939
4879 929.941
4880 929.943
4881 929.943
4882 929.944
4883 929.944
4884 929.945
4885 929.945
4886 929.945
4887 929.945
4888 929.945
4889 929.946
4890 929.946
4891 929.946
4892 929.949
4893 929.949
4894 929.95
4895 929.95
4896 929.95
4897 929.951
4898 929.952
4899 929.953
4900 929.953
4901 929.954
4902 929.954
4903 929.954
4904 929.956
4905 929.956
4906 929.956
4907 929.957
4908 929.957
4909 929.958
4910 929.958
4911 929.958
4912 929.958
4913 929.96
4914 929.96
4915 929.96
4916 929.961
4917 929.961
4918 929.961
4919 929.962
4920 929.963
4921 929.964
4922 929.964
4923 929.964
4924 929.967
4925 929.968
4926 929.969
4927 929.97
4928 929.971
4929 929.972
4930 929.973
4931 929.973
4932 929.973
4933 929.974
4934 929.974
4935 929.974
4936 929.975
4937 929.975
4938 929.976
4939 929.976
4940 929.977
4941 929.978
4942 929.978
4943 929.979
4944 929.979
4945 929.98
4946 929.98
4947 929.98
4948 929.98
4949 929.981
4950 929.981
4951 929.981
4952 929.982
4953 929.982
4954 929.982
4955 929.983
4956 929.983
4957 929.984
4958 929.984
4959 929.985
4960 929.985
4961 929.985
4962 929.986
4963 929.986
4964 929.986
4965 929.986
4966 929.986
4967 929.987
4968 929.987
4969 929.987
4970 929.988
4971 929.988
4972 929.989
4973 929.989
4974 929.989
4975 929.99
4976 929.99
4977 929.99
4978 929.99
4979 929.99
4980 929.991
4981 929.991
4982 929.991
4983 929.991
4984 929.991
4985 929.992
4986 929.992
4987 929.992
4988 929.992
4989 929.992
4990 929.992
4991 929.993
4992 929.993
4993 929.993
4994 929.993
4995 929.993
4996 929.993
4997 929.993
4998 929.993
4999 929.993
