0 27.5204
1 41.5683
2 54.9422
3 68.2985
4 81.8147
5 95.0211
6 108.235
7 121.334
8 134.532
9 147.502
10 160.44
11 173.231
12 185.731
13 197.647
14 210.369
15 222.227
16 234.105
17 246.458
18 258.349
19 270.32
20 281.942
21 293.293
22 304.578
23 315.835
24 327.06
25 338.211
26 349.586
27 360.685
28 371.583
29 382.027
30 392.549
31 403.246
32 413.878
33 423.939
34 433.895
35 444.153
36 453.836
37 463.42
38 473.244
39 483.041
40 492.225
41 501.806
42 511.031
43 520.204
44 529.457
45 538.412
46 547.588
47 556.393
48 565.079
49 573.278
50 581.971
51 590.091
52 598.379
53 606.577
54 614.27
55 622.479
56 630.366
57 637.96
58 645.414
59 652.776
60 660.208
61 667.095
62 674.309
63 681.471
64 688.49
65 695.228
66 702.004
67 708.475
68 715.083
69 721.333
70 727.576
71 733.687
72 739.648
73 745.837
74 751.829
75 757.567
76 763.306
77 768.699
78 773.993
79 779.235
80 784.634
81 789.841
82 794.857
83 799.857
84 804.443
85 809.22
86 813.759
87 818.129
88 822.614
89 827.002
90 831.319
91 835.531
92 839.493
93 843.58
94 847.46
95 851.236
96 854.871
97 858.619
98 862.189
99 865.508
100 868.894
101 872.069
102 875.197
103 878.164
104 880.985
105 883.823
106 886.546
107 889.014
108 891.6
109 894.024
110 896.342
111 898.532
112 900.734
113 902.759
114 904.677
115 906.491
116 908.251
117 909.987
118 911.466
119 912.924
120 914.191
121 915.505
122 916.662
123 917.844
124 918.927
125 919.84
126 920.729
127 921.569
128 922.396
129 923.026
130 923.639
131 924.229
132 924.677
133 925.126
134 925.597
135 926.018
136 926.253
137 926.344
138 926.598
139 926.904
140 927.245
141 927.455
142 927.629
143 927.754
144 927.945
145 928.013
146 928.059
147 928.096
148 928.15
149 928.2
150 928.317
151 928.385
152 928.421
153 928.403
154 928.434
155 928.439
156 928.428
157 928.46
158 928.481
159 928.511
160 928.501
161 928.522
162 928.557
163 928.568
164 928.58
165 928.577
166 928.58
167 928.579
168 928.584
169 928.591
170 928.588
171 928.586
172 928.617
173 928.614
174 928.616
175 928.611
176 928.612
177 928.602
178 928.602
179 928.607
180 928.6
181 928.594
182 928.622
183 928.619
184 928.634
185 928.63
186 928.63
187 928.622
188 928.634
189 928.63
190 928.63
191 928.627
192 928.628
193 928.619
194 928.626
195 928.609
196 928.619
197 928.615
198 928.613
199 928.62
200 928.615
201 928.608
202 928.602
203 928.598
204 928.602
205 928.602
206 928.606
207 928.615
208 928.614
209 928.609
210 928.62
211 928.622
212 928.621
213 928.622
214 928.621
215 928.638
216 928.645
217 928.642
218 928.639
219 928.65
220 928.649
221 928.641
222 928.64
223 928.644
224 928.641
225 928.64
226 928.633
227 928.629
228 928.625
229 928.629
230 928.628
231 928.625
232 928.63
233 928.626
234 928.624
235 928.622
236 928.617
237 928.618
238 928.642
239 928.637
240 928.639
241 928.645
242 928.643
243 928.643
244 928.641
245 928.639
246 928.64
247 928.635
248 928.631
249 928.632
250 928.627
251 928.624
252 928.622
253 928.62
254 928.639
255 928.639
256 928.644
257 928.635
258 928.629
259 928.625
260 928.614
261 928.608
262 928.608
263 928.62
264 928.605
265 928.603
266 928.616
267 928.611
268 928.637
269 928.637
270 928.634
271 928.64
272 928.638
273 928.631
274 928.621
275 928.612
276 928.605
277 928.602
278 928.61
279 928.629
280 928.631
281 928.628
282 928.636
283 928.648
284 928.643
285 928.662
286 928.655
287 928.649
288 928.649
289 928.647
290 928.651
291 928.653
292 928.654
293 928.67
294 928.669
295 928.665
296 928.664
297 928.662
298 928.659
299 928.654
300 928.654
301 928.643
302 928.625
303 928.615
304 928.611
305 928.61
306 928.613
307 928.607
308 928.609
309 928.615
310 928.613
311 928.61
312 928.629
313 928.624
314 928.623
315 928.627
316 928.624
317 928.626
318 928.629
319 928.636
320 928.632
321 928.628
322 928.633
323 928.63
324 928.63
325 928.617
326 928.616
327 928.62
328 928.622
329 928.631
330 928.623
331 928.648
332 928.652
333 928.656
334 928.65
335 928.632
336 928.633
337 928.642
338 928.64
339 928.647
340 928.645
341 928.641
342 928.638
343 928.636
344 928.63
345 928.638
346 928.638
347 928.642
348 928.645
349 928.644
350 928.652
351 928.646
352 928.641
353 928.669
354 928.686
355 928.682
356 928.677
357 928.674
358 928.667
359 928.663
360 928.659
361 928.652
362 928.652
363 928.646
364 928.648
365 928.646
366 928.643
367 928.665
368 928.662
369 928.658
370 928.666
371 928.663
372 928.661
373 928.679
374 928.682
375 928.691
376 928.687
377 928.69
378 928.69
379 928.682
380 928.679
381 928.675
382 928.666
383 928.668
384 928.658
385 928.657
386 928.654
387 928.68
388 928.678
389 928.685
390 928.682
391 928.687
392 928.683
393 928.688
394 928.699
395 928.709
396 928.706
397 928.707
398 928.705
399 928.705
400 928.71
401 928.707
402 928.71
403 928.705
404 928.7
405 928.699
406 928.694
407 928.692
408 928.688
409 928.696
410 928.703
411 928.695
412 928.695
413 928.695
414 928.697
415 928.692
416 928.691
417 928.687
418 928.682
419 928.678
420 928.692
421 928.692
422 928.694
423 928.694
424 928.692
425 928.69
426 928.694
427 928.694
428 928.687
429 928.686
430 928.681
431 928.686
432 928.68
433 928.664
434 928.665
435 928.66
436 928.66
437 928.681
438 928.675
439 928.672
440 928.66
441 928.66
442 928.672
443 928.664
444 928.661
445 928.672
446 928.679
447 928.693
448 928.696
449 928.72
450 928.716
451 928.712
452 928.708
453 928.726
454 928.718
455 928.718
456 928.714
457 928.715
458 928.707
459 928.719
460 928.716
461 928.725
462 928.723
463 928.719
464 928.714
465 928.714
466 928.706
467 928.699
468 928.714
469 928.714
470 928.712
471 928.713
472 928.704
473 928.695
474 928.69
475 928.686
476 928.679
477 928.688
478 928.682
479 928.682
480 928.69
481 928.688
482 928.685
483 928.684
484 928.684
485 928.683
486 928.682
487 928.681
488 928.678
489 928.679
490 928.675
491 928.674
492 928.674
493 928.675
494 928.67
495 928.667
496 928.665
497 928.666
498 928.659
499 928.656
500 928.662
501 928.66
502 928.659
503 928.684
504 928.682
505 928.682
506 928.681
507 928.682
508 928.687
509 928.688
510 928.685
511 928.685
512 928.68
513 928.673
514 928.66
515 928.671
516 928.676
517 928.675
518 928.669
519 928.668
520 928.664
521 928.673
522 928.671
523 928.681
524 928.657
525 928.654
526 928.648
527 928.667
528 928.665
529 928.664
530 928.674
531 928.695
532 928.696
533 928.689
534 928.693
535 928.701
536 928.698
537 928.711
538 928.711
539 928.71
540 928.708
541 928.708
542 928.709
543 928.708
544 928.7
545 928.694
546 928.691
547 928.695
548 928.687
549 928.691
550 928.684
551 928.684
552 928.681
553 928.681
554 928.703
555 928.703
556 928.706
557 928.709
558 928.704
559 928.702
560 928.705
561 928.702
562 928.704
563 928.707
564 928.704
565 928.704
566 928.703
567 928.709
568 928.702
569 928.714
570 928.713
571 928.725
572 928.723
573 928.731
574 928.731
575 928.727
576 928.723
577 928.719
578 928.712
579 928.711
580 928.71
581 928.708
582 928.708
583 928.705
584 928.705
585 928.736
586 928.734
587 928.735
588 928.732
589 928.726
590 928.723
591 928.72
592 928.721
593 928.72
594 928.718
595 928.718
596 928.718
597 928.718
598 928.713
599 928.712
600 928.71
601 928.711
602 928.715
603 928.71
604 928.71
605 928.709
606 928.702
607 928.703
608 928.717
609 928.735
610 928.743
611 928.746
612 928.742
613 928.739
614 928.738
615 928.738
616 928.738
617 928.737
618 928.733
619 928.738
620 928.735
621 928.734
622 928.735
623 928.735
624 928.732
625 928.731
626 928.73
627 928.731
628 928.727
629 928.727
630 928.725
631 928.725
632 928.723
633 928.736
634 928.76
635 928.759
636 928.758
637 928.757
638 928.755
639 928.755
640 928.754
641 928.753
642 928.75
643 928.745
644 928.738
645 928.722
646 928.733
647 928.725
648 928.723
649 928.731
650 928.73
651 928.731
652 928.738
653 928.738
654 928.736
655 928.73
656 928.737
657 928.754
658 928.752
659 928.751
660 928.75
661 928.75
662 928.747
663 928.744
664 928.755
665 928.754
666 928.754
667 928.758
668 928.756
669 928.755
670 928.754
671 928.749
672 928.753
673 928.752
674 928.751
675 928.751
676 928.746
677 928.746
678 928.745
679 928.746
680 928.743
681 928.743
682 928.741
683 928.755
684 928.752
685 928.753
686 928.751
687 928.75
688 928.747
689 928.745
690 928.746
691 928.748
692 928.741
693 928.737
694 928.734
695 928.734
696 928.732
697 928.733
698 928.732
699 928.732
700 928.735
701 928.735
702 928.733
703 928.735
704 928.732
705 928.734
706 928.731
707 928.727
708 928.722
709 928.726
710 928.724
711 928.731
712 928.709
713 928.722
714 928.722
715 928.729
716 928.728
717 928.723
718 928.721
719 928.732
720 928.727
721 928.732
722 928.726
723 928.725
724 928.72
725 928.718
726 928.724
727 928.723
728 928.722
729 928.721
730 928.733
731 928.736
732 928.733
733 928.736
734 928.744
735 928.742
736 928.745
737 928.743
738 928.739
739 928.732
740 928.735
741 928.737
742 928.734
743 928.732
744 928.727
745 928.722
746 928.717
747 928.729
748 928.738
749 928.739
750 928.732
751 928.743
752 928.74
753 928.74
754 928.738
755 928.738
756 928.738
757 928.745
758 928.746
759 928.746
760 928.745
761 928.749
762 928.751
763 928.755
764 928.754
765 928.759
766 928.756
767 928.761
768 928.767
769 928.767
770 928.769
771 928.769
772 928.768
773 928.772
774 928.771
775 928.771
776 928.77
777 928.773
778 928.772
779 928.765
780 928.77
781 928.77
782 928.77
783 928.772
784 928.77
785 928.765
786 928.759
787 928.757
788 928.759
789 928.758
790 928.759
791 928.754
792 928.752
793 928.75
794 928.748
795 928.748
796 928.748
797 928.744
798 928.746
799 928.745
800 928.737
801 928.736
802 928.73
803 928.73
804 928.726
805 928.725
806 928.729
807 928.738
808 928.739
809 928.741
810 928.739
811 928.74
812 928.734
813 928.733
814 928.731
815 928.727
816 928.725
817 928.723
818 928.716
819 928.715
820 928.713
821 928.709
822 928.72
823 928.727
824 928.739
825 928.736
826 928.732
827 928.742
828 928.74
829 928.757
830 928.756
831 928.755
832 928.752
833 928.746
834 928.744
835 928.744
836 928.743
837 928.758
838 928.757
839 928.757
840 928.764
841 928.764
842 928.761
843 928.759
844 928.758
845 928.773
846 928.772
847 928.773
848 928.774
849 928.774
850 928.768
851 928.768
852 928.767
853 928.764
854 928.763
855 928.763
856 928.762
857 928.762
858 928.773
859 928.773
860 928.772
861 928.772
862 928.769
863 928.768
864 928.766
865 928.775
866 928.774
867 928.777
868 928.777
869 928.777
870 928.771
871 928.77
872 928.768
873 928.764
874 928.763
875 928.77
876 928.768
877 928.766
878 928.762
879 928.762
880 928.768
881 928.768
882 928.767
883 928.759
884 928.754
885 928.753
886 928.75
887 928.746
888 928.744
889 928.74
890 928.75
891 928.751
892 928.749
893 928.748
894 928.751
895 928.751
896 928.745
897 928.744
898 928.74
899 928.741
900 928.748
901 928.743
902 928.738
903 928.739
904 928.741
905 928.74
906 928.742
907 928.75
908 928.747
909 928.746
910 928.751
911 928.751
912 928.743
913 928.748
914 928.744
915 928.742
916 928.74
917 928.741
918 928.738
919 928.733
920 928.733
921 928.74
922 928.738
923 928.752
924 928.75
925 928.755
926 928.756
927 928.752
928 928.751
929 928.754
930 928.755
931 928.755
932 928.766
933 928.766
934 928.77
935 928.77
936 928.767
937 928.768
938 928.767
939 928.767
940 928.763
941 928.762
942 928.755
943 928.756
944 928.755
945 928.751
946 928.755
947 928.765
948 928.762
949 928.756
950 928.766
951 928.763
952 928.762
953 928.761
954 928.759
955 928.767
956 928.767
957 928.767
958 928.766
959 928.763
960 928.755
961 928.761
962 928.758
963 928.764
964 928.763
965 928.762
966 928.767
967 928.767
968 928.765
969 928.763
970 928.761
971 928.773
972 928.764
973 928.764
974 928.762
975 928.763
976 928.759
977 928.76
978 928.756
979 928.765
980 928.762
981 928.759
982 928.751
983 928.747
984 928.745
985 928.746
986 928.745
987 928.746
988 928.743
989 928.743
990 928.746
991 928.747
992 928.746
993 928.747
994 928.743
995 928.741
996 928.738
997 928.738
998 928.734
999 928.734
1000 928.736
1001 928.738
1002 928.728
1003 928.725
1004 928.725
1005 928.726
1006 928.72
1007 928.725
1008 928.726
1009 928.729
1010 928.734
1011 928.729
1012 928.725
1013 928.716
1014 928.73
1015 928.727
1016 928.725
1017 928.732
1018 928.746
1019 928.746
1020 928.745
1021 928.743
1022 928.741
1023 928.739
1024 928.737
1025 928.736
1026 928.735
1027 928.734
1028 928.735
1029 928.731
1030 928.73
1031 928.729
1032 928.741
1033 928.739
1034 928.737
1035 928.744
1036 928.754
1037 928.752
1038 928.747
1039 928.746
1040 928.742
1041 928.744
1042 928.744
1043 928.753
1044 928.753
1045 928.766
1046 928.765
1047 928.758
1048 928.763
1049 928.761
1050 928.76
1051 928.759
1052 928.759
1053 928.757
1054 928.753
1055 928.752
1056 928.751
1057 928.758
1058 928.757
1059 928.755
1060 928.762
1061 928.762
1062 928.761
1063 928.757
1064 928.757
1065 928.756
1066 928.752
1067 928.753
1068 928.753
1069 928.755
1070 928.757
1071 928.75
1072 928.766
1073 928.766
1074 928.777
1075 928.774
1076 928.773
1077 928.772
1078 928.77
1079 928.784
1080 928.785
1081 928.786
1082 928.781
1083 928.779
1084 928.775
1085 928.779
1086 928.782
1087 928.777
1088 928.777
1089 928.778
1090 928.773
1091 928.771
1092 928.772
1093 928.778
1094 928.779
1095 928.793
1096 928.792
1097 928.792
1098 928.791
1099 928.796
1100 928.796
1101 928.795
1102 928.793
1103 928.792
1104 928.791
1105 928.788
1106 928.785
1107 928.781
1108 928.779
1109 928.786
1110 928.784
1111 928.783
1112 928.784
1113 928.783
1114 928.796
1115 928.795
1116 928.792
1117 928.793
1118 928.794
1119 928.792
1120 928.793
1121 928.789
1122 928.783
1123 928.78
1124 928.78
1125 928.779
1126 928.779
1127 928.769
1128 928.769
1129 928.776
1130 928.777
1131 928.782
1132 928.779
1133 928.783
1134 928.781
1135 928.777
1136 928.775
1137 928.776
1138 928.774
1139 928.781
1140 928.769
1141 928.783
1142 928.782
1143 928.777
1144 928.796
1145 928.797
1146 928.796
1147 928.809
1148 928.807
1149 928.805
1150 928.804
1151 928.803
1152 928.799
1153 928.792
1154 928.792
1155 928.792
1156 928.79
1157 928.796
1158 928.795
1159 928.794
1160 928.8
1161 928.799
1162 928.804
1163 928.803
1164 928.804
1165 928.802
1166 928.801
1167 928.801
1168 928.798
1169 928.801
1170 928.8
1171 928.799
1172 928.798
1173 928.797
1174 928.804
1175 928.805
1176 928.804
1177 928.804
1178 928.803
1179 928.803
1180 928.802
1181 928.802
1182 928.801
1183 928.801
1184 928.793
1185 928.796
1186 928.811
1187 928.812
1188 928.807
1189 928.809
1190 928.816
1191 928.815
1192 928.814
1193 928.807
1194 928.807
1195 928.806
1196 928.808
1197 928.807
1198 928.807
1199 928.806
1200 928.802
1201 928.801
1202 928.797
1203 928.813
1204 928.813
1205 928.812
1206 928.812
1207 928.812
1208 928.811
1209 928.811
1210 928.809
1211 928.808
1212 928.808
1213 928.807
1214 928.807
1215 928.803
1216 928.803
1217 928.802
1218 928.802
1219 928.81
1220 928.809
1221 928.808
1222 928.805
1223 928.805
1224 928.805
1225 928.804
1226 928.805
1227 928.805
1228 928.803
1229 928.801
1230 928.799
1231 928.797
1232 928.796
1233 928.798
1234 928.797
1235 928.796
1236 928.795
1237 928.801
1238 928.8
1239 928.799
1240 928.808
1241 928.81
1242 928.813
1243 928.809
1244 928.807
1245 928.805
1246 928.797
1247 928.796
1248 928.794
1249 928.791
1250 928.795
1251 928.803
1252 928.799
1253 928.802
1254 928.809
1255 928.808
1256 928.808
1257 928.804
1258 928.804
1259 928.802
1260 928.798
1261 928.793
1262 928.803
1263 928.802
1264 928.803
1265 928.805
1266 928.806
1267 928.802
1268 928.797
1269 928.785
1270 928.797
1271 928.793
1272 928.792
1273 928.79
1274 928.79
1275 928.787
1276 928.791
1277 928.802
1278 928.8
1279 928.798
1280 928.798
1281 928.797
1282 928.795
1283 928.791
1284 928.788
1285 928.796
1286 928.794
1287 928.797
1288 928.798
1289 928.798
1290 928.797
1291 928.798
1292 928.801
1293 928.798
1294 928.796
1295 928.789
1296 928.787
1297 928.794
1298 928.795
1299 928.796
1300 928.795
1301 928.811
1302 928.81
1303 928.811
1304 928.81
1305 928.808
1306 928.804
1307 928.803
1308 928.803
1309 928.808
1310 928.807
1311 928.806
1312 928.809
1313 928.804
1314 928.803
1315 928.809
1316 928.808
1317 928.808
1318 928.807
1319 928.807
1320 928.807
1321 928.809
1322 928.809
1323 928.805
1324 928.801
1325 928.803
1326 928.799
1327 928.809
1328 928.808
1329 928.813
1330 928.821
1331 928.819
1332 928.818
1333 928.817
1334 928.816
1335 928.82
1336 928.817
1337 928.813
1338 928.811
1339 928.809
1340 928.806
1341 928.806
1342 928.807
1343 928.807
1344 928.801
1345 928.797
1346 928.796
1347 928.795
1348 928.778
1349 928.781
1350 928.781
1351 928.781
1352 928.777
1353 928.775
1354 928.779
1355 928.783
1356 928.783
1357 928.783
1358 928.788
1359 928.794
1360 928.802
1361 928.802
1362 928.8
1363 928.805
1364 928.807
1365 928.806
1366 928.806
1367 928.805
1368 928.811
1369 928.81
1370 928.807
1371 928.808
1372 928.817
1373 928.816
1374 928.816
1375 928.814
1376 928.81
1377 928.808
1378 928.807
1379 928.81
1380 928.814
1381 928.817
1382 928.817
1383 928.816
1384 928.816
1385 928.816
1386 928.821
1387 928.821
1388 928.823
1389 928.82
1390 928.82
1391 928.819
1392 928.816
1393 928.813
1394 928.811
1395 928.805
1396 928.812
1397 928.811
1398 928.813
1399 928.817
1400 928.816
1401 928.815
1402 928.813
1403 928.81
1404 928.809
1405 928.804
1406 928.808
1407 928.826
1408 928.827
1409 928.826
1410 928.826
1411 928.828
1412 928.827
1413 928.828
1414 928.826
1415 928.824
1416 928.829
1417 928.828
1418 928.822
1419 928.822
1420 928.821
1421 928.815
1422 928.814
1423 928.814
1424 928.814
1425 928.816
1426 928.816
1427 928.815
1428 928.816
1429 928.816
1430 928.818
1431 928.826
1432 928.825
1433 928.823
1434 928.821
1435 928.82
1436 928.818
1437 928.818
1438 928.819
1439 928.818
1440 928.825
1441 928.823
1442 928.822
1443 928.821
1444 928.821
1445 928.824
1446 928.824
1447 928.823
1448 928.84
1449 928.839
1450 928.84
1451 928.839
1452 928.839
1453 928.838
1454 928.837
1455 928.836
1456 928.831
1457 928.83
1458 928.834
1459 928.829
1460 928.829
1461 928.828
1462 928.826
1463 928.824
1464 928.827
1465 928.826
1466 928.824
1467 928.823
1468 928.823
1469 928.819
1470 928.82
1471 928.82
1472 928.818
1473 928.817
1474 928.816
1475 928.813
1476 928.811
1477 928.811
1478 928.811
1479 928.81
1480 928.811
1481 928.813
1482 928.81
1483 928.816
1484 928.822
1485 928.824
1486 928.822
1487 928.822
1488 928.82
1489 928.819
1490 928.82
1491 928.832
1492 928.831
1493 928.84
1494 928.839
1495 928.838
1496 928.838
1497 928.836
1498 928.835
1499 928.838
1500 928.835
1501 928.834
1502 928.832
1503 928.833
1504 928.833
1505 928.831
1506 928.828
1507 928.83
1508 928.83
1509 928.839
1510 928.837
1511 928.833
1512 928.831
1513 928.829
1514 928.826
1515 928.834
1516 928.833
1517 928.832
1518 928.832
1519 928.84
1520 928.843
1521 928.844
1522 928.841
1523 928.835
1524 928.834
1525 928.833
1526 928.832
1527 928.834
1528 928.83
1529 928.829
1530 928.827
1531 928.827
1532 928.825
1533 928.825
1534 928.824
1535 928.824
1536 928.823
1537 928.835
1538 928.835
1539 928.835
1540 928.842
1541 928.843
1542 928.842
1543 928.838
1544 928.838
1545 928.838
1546 928.836
1547 928.836
1548 928.835
1549 928.835
1550 928.83
1551 928.83
1552 928.828
1553 928.834
1554 928.833
1555 928.83
1556 928.83
1557 928.83
1558 928.828
1559 928.828
1560 928.826
1561 928.825
1562 928.823
1563 928.823
1564 928.822
1565 928.824
1566 928.823
1567 928.822
1568 928.82
1569 928.822
1570 928.825
1571 928.825
1572 928.825
1573 928.824
1574 928.826
1575 928.826
1576 928.823
1577 928.822
1578 928.821
1579 928.818
1580 928.817
1581 928.816
1582 928.814
1583 928.814
1584 928.812
1585 928.812
1586 928.817
1587 928.82
1588 928.818
1589 928.817
1590 928.818
1591 928.816
1592 928.815
1593 928.814
1594 928.813
1595 928.811
1596 928.811
1597 928.81
1598 928.805
1599 928.803
1600 928.814
1601 928.818
1602 928.817
1603 928.814
1604 928.821
1605 928.821
1606 928.819
1607 928.818
1608 928.818
1609 928.809
1610 928.807
1611 928.811
1612 928.81
1613 928.807
1614 928.799
1615 928.795
1616 928.795
1617 928.801
1618 928.799
1619 928.799
1620 928.801
1621 928.794
1622 928.792
1623 928.795
1624 928.794
1625 928.794
1626 928.788
1627 928.794
1628 928.795
1629 928.803
1630 928.8
1631 928.799
1632 928.796
1633 928.794
1634 928.788
1635 928.793
1636 928.79
1637 928.796
1638 928.796
1639 928.804
1640 928.819
1641 928.823
1642 928.832
1643 928.831
1644 928.829
1645 928.826
1646 928.829
1647 928.828
1648 928.827
1649 928.825
1650 928.827
1651 928.825
1652 928.823
1653 928.825
1654 928.824
1655 928.823
1656 928.82
1657 928.819
1658 928.816
1659 928.818
1660 928.826
1661 928.823
1662 928.822
1663 928.827
1664 928.827
1665 928.824
1666 928.822
1667 928.821
1668 928.817
1669 928.817
1670 928.816
1671 928.814
1672 928.812
1673 928.811
1674 928.807
1675 928.799
1676 928.792
1677 928.788
1678 928.789
1679 928.793
1680 928.788
1681 928.787
1682 928.785
1683 928.791
1684 928.792
1685 928.796
1686 928.788
1687 928.787
1688 928.785
1689 928.79
1690 928.79
1691 928.797
1692 928.801
1693 928.8
1694 928.797
1695 928.799
1696 928.801
1697 928.815
1698 928.812
1699 928.814
1700 928.812
1701 928.813
1702 928.811
1703 928.811
1704 928.82
1705 928.82
1706 928.816
1707 928.816
1708 928.814
1709 928.812
1710 928.809
1711 928.808
1712 928.806
1713 928.801
1714 928.796
1715 928.808
1716 928.822
1717 928.821
1718 928.812
1719 928.812
1720 928.811
1721 928.812
1722 928.81
1723 928.812
1724 928.818
1725 928.823
1726 928.824
1727 928.823
1728 928.823
1729 928.822
1730 928.822
1731 928.822
1732 928.817
1733 928.814
1734 928.81
1735 928.809
1736 928.813
1737 928.81
1738 928.808
1739 928.805
1740 928.807
1741 928.804
1742 928.796
1743 928.796
1744 928.792
1745 928.794
1746 928.787
1747 928.787
1748 928.796
1749 928.795
1750 928.819
1751 928.819
1752 928.828
1753 928.827
1754 928.826
1755 928.826
1756 928.832
1757 928.83
1758 928.83
1759 928.829
1760 928.832
1761 928.83
1762 928.83
1763 928.828
1764 928.832
1765 928.833
1766 928.83
1767 928.838
1768 928.837
1769 928.837
1770 928.834
1771 928.836
1772 928.833
1773 928.833
1774 928.833
1775 928.832
1776 928.832
1777 928.832
1778 928.83
1779 928.829
1780 928.827
1781 928.824
1782 928.823
1783 928.82
1784 928.817
1785 928.817
1786 928.824
1787 928.824
1788 928.824
1789 928.823
1790 928.828
1791 928.827
1792 928.826
1793 928.829
1794 928.829
1795 928.828
1796 928.828
1797 928.828
1798 928.828
1799 928.824
1800 928.83
1801 928.835
1802 928.834
1803 928.831
1804 928.827
1805 928.822
1806 928.815
1807 928.815
1808 928.814
1809 928.812
1810 928.815
1811 928.823
1812 928.824
1813 928.834
1814 928.843
1815 928.85
1816 928.849
1817 928.848
1818 928.848
1819 928.848
1820 928.846
1821 928.845
1822 928.848
1823 928.847
1824 928.844
1825 928.842
1826 928.84
1827 928.839
1828 928.843
1829 928.842
1830 928.842
1831 928.844
1832 928.841
1833 928.836
1834 928.835
1835 928.832
1836 928.835
1837 928.833
1838 928.832
1839 928.831
1840 928.829
1841 928.842
1842 928.843
1843 928.844
1844 928.843
1845 928.842
1846 928.842
1847 928.842
1848 928.842
1849 928.842
1850 928.841
1851 928.841
1852 928.838
1853 928.837
1854 928.836
1855 928.842
1856 928.844
1857 928.843
1858 928.84
1859 928.845
1860 928.846
1861 928.847
1862 928.844
1863 928.849
1864 928.847
1865 928.846
1866 928.846
1867 928.847
1868 928.846
1869 928.847
1870 928.846
1871 928.842
1872 928.841
1873 928.838
1874 928.836
1875 928.833
1876 928.833
1877 928.837
1878 928.834
1879 928.832
1880 928.834
1881 928.85
1882 928.848
1883 928.855
1884 928.854
1885 928.854
1886 928.852
1887 928.855
1888 928.849
1889 928.844
1890 928.849
1891 928.846
1892 928.843
1893 928.846
1894 928.845
1895 928.848
1896 928.852
1897 928.852
1898 928.849
1899 928.852
1900 928.852
1901 928.854
1902 928.855
1903 928.854
1904 928.851
1905 928.855
1906 928.853
1907 928.858
1908 928.856
1909 928.854
1910 928.852
1911 928.854
1912 928.851
1913 928.851
1914 928.849
1915 928.843
1916 928.841
1917 928.841
1918 928.839
1919 928.838
1920 928.841
1921 928.843
1922 928.841
1923 928.843
1924 928.842
1925 928.841
1926 928.837
1927 928.837
1928 928.836
1929 928.836
1930 928.836
1931 928.835
1932 928.831
1933 928.831
1934 928.826
1935 928.825
1936 928.823
1937 928.821
1938 928.835
1939 928.838
1940 928.837
1941 928.833
1942 928.833
1943 928.83
1944 928.827
1945 928.829
1946 928.828
1947 928.834
1948 928.837
1949 928.843
1950 928.842
1951 928.845
1952 928.843
1953 928.843
1954 928.842
1955 928.842
1956 928.848
1957 928.848
1958 928.85
1959 928.846
1960 928.845
1961 928.848
1962 928.847
1963 928.847
1964 928.847
1965 928.845
1966 928.843
1967 928.849
1968 928.852
1969 928.852
1970 928.855
1971 928.852
1972 928.852
1973 928.852
1974 928.864
1975 928.862
1976 928.866
1977 928.864
1978 928.862
1979 928.861
1980 928.861
1981 928.86
1982 928.859
1983 928.858
1984 928.857
1985 928.858
1986 928.856
1987 928.855
1988 928.854
1989 928.858
1990 928.857
1991 928.856
1992 928.857
1993 928.86
1994 928.857
1995 928.855
1996 928.855
1997 928.861
1998 928.864
1999 928.863
2000 928.859
2001 928.862
2002 928.862
2003 928.861
2004 928.861
2005 928.861
2006 928.86
2007 928.86
2008 928.86
2009 928.861
2010 928.856
2011 928.856
2012 928.86
2013 928.859
2014 928.856
2015 928.862
2016 928.86
2017 928.865
2018 928.864
2019 928.864
2020 928.862
2021 928.864
2022 928.863
2023 928.865
2024 928.866
2025 928.865
2026 928.863
2027 928.862
2028 928.869
2029 928.87
2030 928.86
2031 928.86
2032 928.864
2033 928.865
2034 928.864
2035 928.864
2036 928.863
2037 928.864
2038 928.862
2039 928.86
2040 928.859
2041 928.858
2042 928.855
2043 928.863
2044 928.861
2045 928.861
2046 928.86
2047 928.86
2048 928.86
2049 928.86
2050 928.864
2051 928.864
2052 928.864
2053 928.862
2054 928.858
2055 928.859
2056 928.862
2057 928.862
2058 928.866
2059 928.867
2060 928.866
2061 928.873
2062 928.872
2063 928.876
2064 928.875
2065 928.875
2066 928.872
2067 928.868
2068 928.868
2069 928.866
2070 928.87
2071 928.87
2072 928.867
2073 928.867
2074 928.869
2075 928.87
2076 928.867
2077 928.872
2078 928.871
2079 928.867
2080 928.87
2081 928.87
2082 928.869
2083 928.862
2084 928.861
2085 928.861
2086 928.859
2087 928.859
2088 928.859
2089 928.858
2090 928.861
2091 928.861
2092 928.861
2093 928.862
2094 928.859
2095 928.858
2096 928.853
2097 928.85
2098 928.85
2099 928.849
2100 928.849
2101 928.858
2102 928.865
2103 928.87
2104 928.865
2105 928.863
2106 928.861
2107 928.862
2108 928.861
2109 928.858
2110 928.863
2111 928.867
2112 928.866
2113 928.865
2114 928.867
2115 928.874
2116 928.872
2117 928.873
2118 928.871
2119 928.87
2120 928.868
2121 928.867
2122 928.866
2123 928.865
2124 928.864
2125 928.863
2126 928.869
2127 928.875
2128 928.874
2129 928.874
2130 928.873
2131 928.874
2132 928.873
2133 928.871
2134 928.876
2135 928.873
2136 928.872
2137 928.874
2138 928.874
2139 928.874
2140 928.874
2141 928.873
2142 928.873
2143 928.873
2144 928.872
2145 928.87
2146 928.869
2147 928.869
2148 928.869
2149 928.866
2150 928.868
2151 928.868
2152 928.866
2153 928.866
2154 928.864
2155 928.865
2156 928.866
2157 928.866
2158 928.865
2159 928.863
2160 928.866
2161 928.867
2162 928.873
2163 928.871
2164 928.869
2165 928.865
2166 928.866
2167 928.87
2168 928.869
2169 928.869
2170 928.87
2171 928.879
2172 928.878
2173 928.879
2174 928.876
2175 928.875
2176 928.877
2177 928.877
2178 928.874
2179 928.874
2180 928.872
2181 928.871
2182 928.869
2183 928.868
2184 928.872
2185 928.869
2186 928.864
2187 928.861
2188 928.861
2189 928.858
2190 928.858
2191 928.856
2192 928.857
2193 928.863
2194 928.861
2195 928.865
2196 928.864
2197 928.865
2198 928.864
2199 928.872
2200 928.871
2201 928.872
2202 928.873
2203 928.874
2204 928.876
2205 928.876
2206 928.876
2207 928.873
2208 928.87
2209 928.87
2210 928.868
2211 928.87
2212 928.872
2213 928.872
2214 928.876
2215 928.879
2216 928.887
2217 928.891
2218 928.889
2219 928.888
2220 928.889
2221 928.886
2222 928.885
2223 928.884
2224 928.882
2225 928.883
2226 928.882
2227 928.882
2228 928.881
2229 928.882
2230 928.881
2231 928.881
2232 928.881
2233 928.88
2234 928.879
2235 928.881
2236 928.88
2237 928.884
2238 928.883
2239 928.882
2240 928.881
2241 928.881
2242 928.882
2243 928.88
2244 928.877
2245 928.877
2246 928.875
2247 928.873
2248 928.878
2249 928.879
2250 928.876
2251 928.875
2252 928.874
2253 928.875
2254 928.874
2255 928.875
2256 928.878
2257 928.877
2258 928.877
2259 928.877
2260 928.873
2261 928.875
2262 928.87
2263 928.871
2264 928.874
2265 928.873
2266 928.873
2267 928.876
2268 928.871
2269 928.868
2270 928.866
2271 928.865
2272 928.865
2273 928.861
2274 928.86
2275 928.861
2276 928.862
2277 928.866
2278 928.868
2279 928.868
2280 928.873
2281 928.873
2282 928.872
2283 928.872
2284 928.87
2285 928.871
2286 928.867
2287 928.866
2288 928.865
2289 928.867
2290 928.867
2291 928.875
2292 928.876
2293 928.879
2294 928.878
2295 928.879
2296 928.878
2297 928.877
2298 928.879
2299 928.88
2300 928.878
2301 928.883
2302 928.882
2303 928.882
2304 928.881
2305 928.881
2306 928.882
2307 928.883
2308 928.879
2309 928.885
2310 928.883
2311 928.887
2312 928.887
2313 928.884
2314 928.883
2315 928.882
2316 928.883
2317 928.882
2318 928.881
2319 928.881
2320 928.88
2321 928.879
2322 928.879
2323 928.88
2324 928.881
2325 928.88
2326 928.879
2327 928.878
2328 928.877
2329 928.879
2330 928.877
2331 928.878
2332 928.877
2333 928.875
2334 928.872
2335 928.872
2336 928.872
2337 928.871
2338 928.872
2339 928.877
2340 928.877
2341 928.889
2342 928.887
2343 928.889
2344 928.89
2345 928.889
2346 928.889
2347 928.889
2348 928.888
2349 928.889
2350 928.891
2351 928.889
2352 928.887
2353 928.888
2354 928.887
2355 928.887
2356 928.885
2357 928.886
2358 928.89
2359 928.89
2360 928.889
2361 928.889
2362 928.887
2363 928.885
2364 928.889
2365 928.889
2366 928.888
2367 928.887
2368 928.887
2369 928.886
2370 928.887
2371 928.891
2372 928.89
2373 928.893
2374 928.898
2375 928.898
2376 928.897
2377 928.897
2378 928.895
2379 928.894
2380 928.892
2381 928.895
2382 928.894
2383 928.895
2384 928.894
2385 928.893
2386 928.893
2387 928.892
2388 928.892
2389 928.892
2390 928.891
2391 928.893
2392 928.893
2393 928.893
2394 928.891
2395 928.891
2396 928.895
2397 928.893
2398 928.892
2399 928.892
2400 928.891
2401 928.891
2402 928.89
2403 928.891
2404 928.89
2405 928.892
2406 928.895
2407 928.895
2408 928.895
2409 928.894
2410 928.898
2411 928.897
2412 928.897
2413 928.897
2414 928.896
2415 928.897
2416 928.896
2417 928.898
2418 928.898
2419 928.901
2420 928.9
2421 928.899
2422 928.902
2423 928.901
2424 928.901
2425 928.901
2426 928.9
2427 928.898
2428 928.898
2429 928.899
2430 928.9
2431 928.899
2432 928.898
2433 928.904
2434 928.903
2435 928.901
2436 928.9
2437 928.9
2438 928.898
2439 928.899
2440 928.899
2441 928.897
2442 928.899
2443 928.902
2444 928.901
2445 928.9
2446 928.899
2447 928.899
2448 928.898
2449 928.897
2450 928.896
2451 928.896
2452 928.9
2453 928.9
2454 928.9
2455 928.9
2456 928.899
2457 928.9
2458 928.903
2459 928.902
2460 928.901
2461 928.901
2462 928.899
2463 928.9
2464 928.899
2465 928.901
2466 928.9
2467 928.901
2468 928.9
2469 928.897
2470 928.902
2471 928.902
2472 928.9
2473 928.902
2474 928.904
2475 928.901
2476 928.901
2477 928.901
2478 928.9
2479 928.902
2480 928.901
2481 928.902
2482 928.902
2483 928.905
2484 928.907
2485 928.906
2486 928.905
2487 928.905
2488 928.904
2489 928.907
2490 928.907
2491 928.907
2492 928.906
2493 928.908
2494 928.907
2495 928.907
2496 928.906
2497 928.906
2498 928.904
2499 928.904
2500 928.905
2501 928.905
2502 928.903
2503 928.903
2504 928.9
2505 928.899
2506 928.898
2507 928.897
2508 928.896
2509 928.894
2510 928.892
2511 928.892
2512 928.893
2513 928.893
2514 928.892
2515 928.893
2516 928.892
2517 928.892
2518 928.893
2519 928.893
2520 928.896
2521 928.896
2522 928.894
2523 928.895
2524 928.893
2525 928.897
2526 928.895
2527 928.893
2528 928.891
2529 928.893
2530 928.897
2531 928.897
2532 928.896
2533 928.896
2534 928.899
2535 928.897
2536 928.896
2537 928.895
2538 928.896
2539 928.899
2540 928.899
2541 928.901
2542 928.9
2543 928.898
2544 928.898
2545 928.897
2546 928.897
2547 928.899
2548 928.903
2549 928.904
2550 928.906
2551 928.906
2552 928.902
2553 928.899
2554 928.904
2555 928.904
2556 928.904
2557 928.903
2558 928.902
2559 928.901
2560 928.9
2561 928.9
2562 928.899
2563 928.898
2564 928.898
2565 928.898
2566 928.898
2567 928.898
2568 928.896
2569 928.899
2570 928.903
2571 928.903
2572 928.902
2573 928.9
2574 928.902
2575 928.904
2576 928.902
2577 928.899
2578 928.899
2579 928.898
2580 928.9
2581 928.901
2582 928.901
2583 928.898
2584 928.894
2585 928.898
2586 928.898
2587 928.895
2588 928.894
2589 928.893
2590 928.898
2591 928.892
2592 928.891
2593 928.894
2594 928.895
2595 928.895
2596 928.894
2597 928.893
2598 928.898
2599 928.896
2600 928.897
2601 928.9
2602 928.899
2603 928.9
2604 928.9
2605 928.901
2606 928.907
2607 928.908
2608 928.907
2609 928.905
2610 928.904
2611 928.905
2612 928.906
2613 928.904
2614 928.906
2615 928.904
2616 928.902
2617 928.901
2618 928.899
2619 928.9
2620 928.897
2621 928.897
2622 928.898
2623 928.894
2624 928.892
2625 928.891
2626 928.896
2627 928.897
2628 928.896
2629 928.896
2630 928.897
2631 928.897
2632 928.898
2633 928.897
2634 928.896
2635 928.896
2636 928.895
2637 928.897
2638 928.895
2639 928.898
2640 928.901
2641 928.904
2642 928.903
2643 928.902
2644 928.896
2645 928.896
2646 928.899
2647 928.899
2648 928.906
2649 928.905
2650 928.906
2651 928.906
2652 928.906
2653 928.906
2654 928.905
2655 928.904
2656 928.907
2657 928.906
2658 928.906
2659 928.908
2660 928.907
2661 928.909
2662 928.909
2663 928.91
2664 928.91
2665 928.909
2666 928.908
2667 928.91
2668 928.909
2669 928.909
2670 928.907
2671 928.906
2672 928.91
2673 928.91
2674 928.91
2675 928.909
2676 928.909
2677 928.911
2678 928.909
2679 928.912
2680 928.91
2681 928.912
2682 928.915
2683 928.915
2684 928.915
2685 928.918
2686 928.917
2687 928.917
2688 928.915
2689 928.914
2690 928.915
2691 928.914
2692 928.914
2693 928.914
2694 928.914
2695 928.916
2696 928.916
2697 928.915
2698 928.914
2699 928.913
2700 928.911
2701 928.91
2702 928.909
2703 928.909
2704 928.916
2705 928.916
2706 928.914
2707 928.913
2708 928.915
2709 928.917
2710 928.914
2711 928.913
2712 928.912
2713 928.911
2714 928.913
2715 928.914
2716 928.913
2717 928.913
2718 928.913
2719 928.913
2720 928.916
2721 928.918
2722 928.924
2723 928.924
2724 928.923
2725 928.922
2726 928.927
2727 928.927
2728 928.926
2729 928.928
2730 928.931
2731 928.93
2732 928.93
2733 928.929
2734 928.93
2735 928.929
2736 928.929
2737 928.926
2738 928.926
2739 928.929
2740 928.928
2741 928.927
2742 928.931
2743 928.931
2744 928.93
2745 928.93
2746 928.929
2747 928.93
2748 928.929
2749 928.929
2750 928.929
2751 928.927
2752 928.925
2753 928.921
2754 928.921
2755 928.922
2756 928.925
2757 928.925
2758 928.927
2759 928.927
2760 928.927
2761 928.927
2762 928.93
2763 928.929
2764 928.929
2765 928.928
2766 928.928
2767 928.928
2768 928.928
2769 928.927
2770 928.927
2771 928.927
2772 928.927
2773 928.926
2774 928.925
2775 928.928
2776 928.928
2777 928.927
2778 928.927
2779 928.927
2780 928.927
2781 928.926
2782 928.925
2783 928.925
2784 928.924
2785 928.923
2786 928.923
2787 928.921
2788 928.922
2789 928.922
2790 928.922
2791 928.922
2792 928.921
2793 928.92
2794 928.923
2795 928.921
2796 928.923
2797 928.924
2798 928.924
2799 928.922
2800 928.922
2801 928.924
2802 928.923
2803 928.922
2804 928.923
2805 928.922
2806 928.924
2807 928.925
2808 928.925
2809 928.925
2810 928.927
2811 928.926
2812 928.926
2813 928.925
2814 928.925
2815 928.926
2816 928.924
2817 928.922
2818 928.921
2819 928.923
2820 928.927
2821 928.933
2822 928.933
2823 928.932
2824 928.933
2825 928.933
2826 928.932
2827 928.932
2828 928.932
2829 928.931
2830 928.933
2831 928.933
2832 928.933
2833 928.934
2834 928.934
2835 928.931
2836 928.931
2837 928.931
2838 928.932
2839 928.931
2840 928.931
2841 928.931
2842 928.93
2843 928.931
2844 928.932
2845 928.931
2846 928.931
2847 928.932
2848 928.932
2849 928.933
2850 928.933
2851 928.932
2852 928.932
2853 928.933
2854 928.932
2855 928.931
2856 928.931
2857 928.931
2858 928.93
2859 928.931
2860 928.93
2861 928.93
2862 928.929
2863 928.935
2864 928.935
2865 928.934
2866 928.933
2867 928.932
2868 928.931
2869 928.936
2870 928.937
2871 928.937
2872 928.937
2873 928.936
2874 928.934
2875 928.934
2876 928.933
2877 928.932
2878 928.931
2879 928.93
2880 928.932
2881 928.932
2882 928.931
2883 928.932
2884 928.931
2885 928.931
2886 928.93
2887 928.93
2888 928.93
2889 928.929
2890 928.928
2891 928.927
2892 928.927
2893 928.93
2894 928.929
2895 928.928
2896 928.928
2897 928.928
2898 928.93
2899 928.929
2900 928.928
2901 928.927
2902 928.927
2903 928.928
2904 928.927
2905 928.927
2906 928.927
2907 928.926
2908 928.927
2909 928.926
2910 928.926
2911 928.926
2912 928.928
2913 928.93
2914 928.93
2915 928.93
2916 928.931
2917 928.931
2918 928.931
2919 928.93
2920 928.93
2921 928.93
2922 928.932
2923 928.932
2924 928.932
2925 928.932
2926 928.931
2927 928.931
2928 928.933
2929 928.933
2930 928.933
2931 928.932
2932 928.933
2933 928.933
2934 928.932
2935 928.931
2936 928.93
2937 928.93
2938 928.928
2939 928.928
2940 928.927
2941 928.926
2942 928.926
2943 928.928
2944 928.927
2945 928.927
2946 928.927
2947 928.931
2948 928.929
2949 928.928
2950 928.925
2951 928.926
2952 928.926
2953 928.929
2954 928.929
2955 928.929
2956 928.929
2957 928.932
2958 928.933
2959 928.935
2960 928.935
2961 928.935
2962 928.934
2963 928.935
2964 928.935
2965 928.933
2966 928.931
2967 928.931
2968 928.93
2969 928.931
2970 928.929
2971 928.927
2972 928.927
2973 928.927
2974 928.926
2975 928.929
2976 928.928
2977 928.928
2978 928.927
2979 928.927
2980 928.93
2981 928.933
2982 928.932
2983 928.932
2984 928.931
2985 928.932
2986 928.931
2987 928.931
2988 928.929
2989 928.928
2990 928.928
2991 928.928
2992 928.928
2993 928.929
2994 928.928
2995 928.93
2996 928.932
2997 928.935
2998 928.935
2999 928.937
3000 928.938
3001 928.938
3002 928.943
3003 928.943
3004 928.942
3005 928.943
3006 928.943
3007 928.943
3008 928.942
3009 928.941
3010 928.941
3011 928.941
3012 928.94
3013 928.94
3014 928.942
3015 928.942
3016 928.941
3017 928.941
3018 928.94
3019 928.94
3020 928.939
3021 928.938
3022 928.938
3023 928.937
3024 928.937
3025 928.938
3026 928.936
3027 928.935
3028 928.936
3029 928.936
3030 928.936
3031 928.933
3032 928.931
3033 928.934
3034 928.936
3035 928.936
3036 928.934
3037 928.933
3038 928.936
3039 928.936
3040 928.935
3041 928.934
3042 928.936
3043 928.937
3044 928.936
3045 928.935
3046 928.934
3047 928.934
3048 928.937
3049 928.937
3050 928.936
3051 928.94
3052 928.94
3053 928.938
3054 928.939
3055 928.938
3056 928.94
3057 928.94
3058 928.942
3059 928.942
3060 928.941
3061 928.941
3062 928.941
3063 928.941
3064 928.942
3065 928.941
3066 928.941
3067 928.942
3068 928.941
3069 928.941
3070 928.941
3071 928.943
3072 928.945
3073 928.945
3074 928.944
3075 928.944
3076 928.943
3077 928.943
3078 928.942
3079 928.941
3080 928.943
3081 928.942
3082 928.942
3083 928.942
3084 928.942
3085 928.941
3086 928.94
3087 928.939
3088 928.94
3089 928.942
3090 928.945
3091 928.944
3092 928.944
3093 928.943
3094 928.943
3095 928.945
3096 928.943
3097 928.942
3098 928.943
3099 928.941
3100 928.944
3101 928.944
3102 928.943
3103 928.943
3104 928.943
3105 928.944
3106 928.944
3107 928.943
3108 928.942
3109 928.942
3110 928.942
3111 928.941
3112 928.941
3113 928.94
3114 928.94
3115 928.937
3116 928.934
3117 928.934
3118 928.937
3119 928.94
3120 928.942
3121 928.942
3122 928.942
3123 928.942
3124 928.941
3125 928.941
3126 928.942
3127 928.942
3128 928.942
3129 928.944
3130 928.943
3131 928.947
3132 928.951
3133 928.95
3134 928.95
3135 928.949
3136 928.948
3137 928.947
3138 928.949
3139 928.949
3140 928.948
3141 928.949
3142 928.948
3143 928.948
3144 928.95
3145 928.95
3146 928.949
3147 928.949
3148 928.949
3149 928.952
3150 928.952
3151 928.953
3152 928.952
3153 928.951
3154 928.951
3155 928.951
3156 928.951
3157 928.951
3158 928.952
3159 928.953
3160 928.952
3161 928.953
3162 928.952
3163 928.952
3164 928.951
3165 928.951
3166 928.951
3167 928.952
3168 928.952
3169 928.952
3170 928.953
3171 928.953
3172 928.953
3173 928.953
3174 928.954
3175 928.954
3176 928.954
3177 928.954
3178 928.954
3179 928.954
3180 928.954
3181 928.954
3182 928.954
3183 928.955
3184 928.954
3185 928.954
3186 928.954
3187 928.954
3188 928.952
3189 928.951
3190 928.951
3191 928.951
3192 928.952
3193 928.954
3194 928.954
3195 928.954
3196 928.954
3197 928.954
3198 928.954
3199 928.954
3200 928.953
3201 928.953
3202 928.954
3203 928.954
3204 928.952
3205 928.952
3206 928.952
3207 928.952
3208 928.952
3209 928.953
3210 928.95
3211 928.95
3212 928.95
3213 928.951
3214 928.951
3215 928.952
3216 928.952
3217 928.953
3218 928.952
3219 928.952
3220 928.951
3221 928.953
3222 928.952
3223 928.952
3224 928.95
3225 928.95
3226 928.949
3227 928.95
3228 928.95
3229 928.95
3230 928.95
3231 928.949
3232 928.951
3233 928.95
3234 928.951
3235 928.95
3236 928.949
3237 928.949
3238 928.948
3239 928.948
3240 928.945
3241 928.947
3242 928.947
3243 928.95
3244 928.948
3245 928.952
3246 928.951
3247 928.952
3248 928.953
3249 928.954
3250 928.952
3251 928.952
3252 928.952
3253 928.952
3254 928.952
3255 928.952
3256 928.955
3257 928.954
3258 928.954
3259 928.955
3260 928.954
3261 928.954
3262 928.955
3263 928.954
3264 928.954
3265 928.957
3266 928.958
3267 928.959
3268 928.958
3269 928.958
3270 928.957
3271 928.957
3272 928.957
3273 928.958
3274 928.957
3275 928.957
3276 928.956
3277 928.957
3278 928.956
3279 928.958
3280 928.958
3281 928.96
3282 928.959
3283 928.96
3284 928.96
3285 928.961
3286 928.962
3287 928.96
3288 928.96
3289 928.96
3290 928.959
3291 928.959
3292 928.959
3293 928.959
3294 928.959
3295 928.962
3296 928.962
3297 928.962
3298 928.962
3299 928.962
3300 928.96
3301 928.962
3302 928.96
3303 928.96
3304 928.959
3305 928.96
3306 928.959
3307 928.961
3308 928.96
3309 928.96
3310 928.96
3311 928.96
3312 928.959
3313 928.959
3314 928.96
3315 928.96
3316 928.957
3317 928.957
3318 928.956
3319 928.956
3320 928.956
3321 928.959
3322 928.96
3323 928.96
3324 928.959
3325 928.96
3326 928.959
3327 928.959
3328 928.959
3329 928.961
3330 928.96
3331 928.961
3332 928.96
3333 928.96
3334 928.96
3335 928.96
3336 928.959
3337 928.96
3338 928.959
3339 928.961
3340 928.961
3341 928.962
3342 928.961
3343 928.962
3344 928.962
3345 928.961
3346 928.962
3347 928.961
3348 928.961
3349 928.961
3350 928.961
3351 928.962
3352 928.962
3353 928.964
3354 928.963
3355 928.963
3356 928.962
3357 928.962
3358 928.961
3359 928.963
3360 928.963
3361 928.962
3362 928.963
3363 928.963
3364 928.963
3365 928.963
3366 928.962
3367 928.961
3368 928.958
3369 928.958
3370 928.957
3371 928.959
3372 928.958
3373 928.957
3374 928.956
3375 928.957
3376 928.956
3377 928.957
3378 928.957
3379 928.958
3380 928.957
3381 928.961
3382 928.96
3383 928.96
3384 928.953
3385 928.959
3386 928.96
3387 928.961
3388 928.96
3389 928.96
3390 928.959
3391 928.959
3392 928.961
3393 928.961
3394 928.959
3395 928.96
3396 928.959
3397 928.962
3398 928.961
3399 928.961
3400 928.96
3401 928.96
3402 928.96
3403 928.96
3404 928.958
3405 928.959
3406 928.959
3407 928.96
3408 928.959
3409 928.96
3410 928.962
3411 928.963
3412 928.962
3413 928.962
3414 928.961
3415 928.961
3416 928.962
3417 928.963
3418 928.962
3419 928.961
3420 928.961
3421 928.962
3422 928.961
3423 928.961
3424 928.959
3425 928.96
3426 928.961
3427 928.962
3428 928.961
3429 928.962
3430 928.961
3431 928.961
3432 928.96
3433 928.962
3434 928.961
3435 928.963
3436 928.962
3437 928.963
3438 928.962
3439 928.963
3440 928.963
3441 928.964
3442 928.963
3443 928.963
3444 928.962
3445 928.962
3446 928.962
3447 928.961
3448 928.96
3449 928.961
3450 928.96
3451 928.961
3452 928.961
3453 928.959
3454 928.959
3455 928.959
3456 928.961
3457 928.961
3458 928.96
3459 928.96
3460 928.959
3461 928.961
3462 928.962
3463 928.963
3464 928.964
3465 928.964
3466 928.963
3467 928.964
3468 928.964
3469 928.964
3470 928.964
3471 928.963
3472 928.963
3473 928.961
3474 928.96
3475 928.961
3476 928.962
3477 928.961
3478 928.96
3479 928.96
3480 928.96
3481 928.961
3482 928.96
3483 928.959
3484 928.96
3485 928.959
3486 928.959
3487 928.961
3488 928.961
3489 928.962
3490 928.96
3491 928.957
3492 928.956
3493 928.956
3494 928.957
3495 928.956
3496 928.956
3497 928.956
3498 928.958
3499 928.958
3500 928.959
3501 928.96
3502 928.96
3503 928.963
3504 928.964
3505 928.965
3506 928.965
3507 928.965
3508 928.964
3509 928.964
3510 928.964
3511 928.963
3512 928.963
3513 928.963
3514 928.963
3515 928.963
3516 928.962
3517 928.963
3518 928.963
3519 928.962
3520 928.961
3521 928.961
3522 928.96
3523 928.959
3524 928.959
3525 928.961
3526 928.963
3527 928.963
3528 928.964
3529 928.964
3530 928.963
3531 928.963
3532 928.963
3533 928.963
3534 928.962
3535 928.962
3536 928.962
3537 928.963
3538 928.965
3539 928.965
3540 928.964
3541 928.964
3542 928.964
3543 928.964
3544 928.964
3545 928.963
3546 928.961
3547 928.961
3548 928.963
3549 928.962
3550 928.966
3551 928.966
3552 928.966
3553 928.966
3554 928.968
3555 928.969
3556 928.969
3557 928.968
3558 928.969
3559 928.969
3560 928.97
3561 928.969
3562 928.97
3563 928.968
3564 928.969
3565 928.968
3566 928.97
3567 928.97
3568 928.971
3569 928.97
3570 928.97
3571 928.971
3572 928.971
3573 928.97
3574 928.971
3575 928.97
3576 928.97
3577 928.97
3578 928.969
3579 928.969
3580 928.971
3581 928.97
3582 928.97
3583 928.969
3584 928.97
3585 928.969
3586 928.969
3587 928.969
3588 928.97
3589 928.97
3590 928.97
3591 928.969
3592 928.97
3593 928.968
3594 928.968
3595 928.967
3596 928.967
3597 928.968
3598 928.967
3599 928.967
3600 928.966
3601 928.966
3602 928.966
3603 928.965
3604 928.965
3605 928.966
3606 928.966
3607 928.966
3608 928.966
3609 928.966
3610 928.966
3611 928.967
3612 928.968
3613 928.968
3614 928.968
3615 928.969
3616 928.969
3617 928.968
3618 928.968
3619 928.969
3620 928.967
3621 928.967
3622 928.968
3623 928.97
3624 928.97
3625 928.97
3626 928.967
3627 928.967
3628 928.967
3629 928.967
3630 928.966
3631 928.965
3632 928.966
3633 928.967
3634 928.968
3635 928.968
3636 928.968
3637 928.968
3638 928.966
3639 928.968
3640 928.969
3641 928.967
3642 928.967
3643 928.967
3644 928.966
3645 928.966
3646 928.965
3647 928.964
3648 928.964
3649 928.965
3650 928.968
3651 928.97
3652 928.969
3653 928.968
3654 928.967
3655 928.968
3656 928.969
3657 928.968
3658 928.968
3659 928.968
3660 928.968
3661 928.967
3662 928.967
3663 928.966
3664 928.964
3665 928.965
3666 928.963
3667 928.961
3668 928.965
3669 928.962
3670 928.965
3671 928.969
3672 928.968
3673 928.968
3674 928.966
3675 928.971
3676 928.97
3677 928.968
3678 928.968
3679 928.968
3680 928.968
3681 928.969
3682 928.966
3683 928.967
3684 928.968
3685 928.968
3686 928.969
3687 928.968
3688 928.969
3689 928.969
3690 928.968
3691 928.967
3692 928.968
3693 928.97
3694 928.97
3695 928.969
3696 928.971
3697 928.97
3698 928.969
3699 928.969
3700 928.971
3701 928.972
3702 928.972
3703 928.974
3704 928.976
3705 928.975
3706 928.976
3707 928.978
3708 928.98
3709 928.98
3710 928.982
3711 928.982
3712 928.981
3713 928.981
3714 928.981
3715 928.981
3716 928.979
3717 928.979
3718 928.978
3719 928.976
3720 928.977
3721 928.978
3722 928.978
3723 928.977
3724 928.978
3725 928.977
3726 928.977
3727 928.977
3728 928.975
3729 928.974
3730 928.976
3731 928.973
3732 928.972
3733 928.971
3734 928.971
3735 928.972
3736 928.978
3737 928.977
3738 928.979
3739 928.978
3740 928.976
3741 928.975
3742 928.976
3743 928.978
3744 928.978
3745 928.979
3746 928.979
3747 928.984
3748 928.983
3749 928.982
3750 928.981
3751 928.98
3752 928.98
3753 928.981
3754 928.981
3755 928.981
3756 928.981
3757 928.978
3758 928.979
3759 928.985
3760 928.984
3761 928.99
3762 928.989
3763 928.99
3764 928.99
3765 928.99
3766 928.993
3767 928.99
3768 928.99
3769 928.989
3770 928.99
3771 928.989
3772 928.989
3773 928.989
3774 928.985
3775 928.985
3776 928.985
3777 928.984
3778 928.984
3779 928.984
3780 928.987
3781 928.984
3782 928.983
3783 928.98
3784 928.98
3785 928.98
3786 928.979
3787 928.982
3788 928.981
3789 928.982
3790 928.981
3791 928.982
3792 928.981
3793 928.981
3794 928.986
3795 928.989
3796 928.989
3797 928.987
3798 928.987
3799 928.987
3800 928.986
3801 928.986
3802 928.984
3803 928.987
3804 928.987
3805 928.987
3806 928.984
3807 928.987
3808 928.986
3809 928.987
3810 928.987
3811 928.988
3812 928.988
3813 928.988
3814 928.987
3815 928.992
3816 928.991
3817 928.993
3818 928.99
3819 928.991
3820 928.989
3821 928.99
3822 928.988
3823 928.989
3824 928.99
3825 928.991
3826 928.985
3827 928.987
3828 928.987
3829 928.987
3830 928.987
3831 928.986
3832 928.99
3833 928.985
3834 928.985
3835 928.986
3836 928.986
3837 928.985
3838 928.987
3839 928.986
3840 928.987
3841 928.987
3842 928.987
3843 928.987
3844 928.988
3845 928.989
3846 928.988
3847 928.988
3848 928.988
3849 928.99
3850 928.989
3851 928.99
3852 928.989
3853 928.992
3854 928.991
3855 928.992
3856 928.99
3857 928.991
3858 928.99
3859 928.991
3860 928.99
3861 928.99
3862 928.99
3863 928.991
3864 928.99
3865 928.991
3866 928.991
3867 928.992
3868 928.993
3869 928.994
3870 928.995
3871 928.995
3872 928.993
3873 928.997
3874 928.996
3875 928.995
3876 928.991
3877 928.993
3878 928.993
3879 928.993
3880 928.992
3881 928.995
3882 928.994
3883 928.994
3884 928.993
3885 928.994
3886 928.993
3887 928.993
3888 928.992
3889 928.992
3890 928.992
3891 928.994
3892 928.994
3893 928.995
3894 928.992
3895 928.992
3896 928.991
3897 928.99
3898 928.991
3899 928.988
3900 928.987
3901 928.987
3902 928.987
3903 928.987
3904 928.986
3905 928.986
3906 928.984
3907 928.986
3908 928.988
3909 928.987
3910 928.986
3911 928.986
3912 928.987
3913 928.989
3914 928.988
3915 928.989
3916 928.99
3917 928.99
3918 928.987
3919 928.989
3920 928.988
3921 928.985
3922 928.988
3923 928.989
3924 928.993
3925 928.994
3926 928.989
3927 928.988
3928 928.988
3929 928.992
3930 928.993
3931 928.992
3932 928.992
3933 928.993
3934 928.993
3935 928.995
3936 928.995
3937 928.995
3938 928.995
3939 928.995
3940 928.994
3941 928.997
3942 928.996
3943 928.997
3944 928.993
3945 929.003
3946 929.005
3947 929.004
3948 929.005
3949 929.004
3950 929.004
3951 929.008
3952 929.007
3953 929.008
3954 929.007
3955 929.008
3956 929.007
3957 929.005
3958 929.007
3959 929.007
3960 929.003
3961 928.999
3962 928.999
3963 929.003
3964 929.002
3965 929.009
3966 929.007
3967 929.009
3968 929.009
3969 929.007
3970 929.006
3971 929.007
3972 929.006
3973 929.003
3974 928.999
3975 929.002
3976 929.001
3977 929.001
3978 929
3979 929
3980 929.002
3981 929.003
3982 929.002
3983 929.003
3984 929.004
3985 929.004
3986 929.004
3987 929.007
3988 929.007
3989 929.006
3990 929.006
3991 929.006
3992 929.005
3993 929.007
3994 929.017
3995 929.014
3996 929.013
3997 929.013
3998 929.017
3999 929.017
4000 929.017
4001 929.015
4002 929.015
4003 929.014
4004 929.013
4005 929.013
4006 929.013
4007 929.013
4008 929.015
4009 929.014
4010 929.016
4011 929.015
4012 929.015
4013 929.028
4014 929.027
4015 929.028
4016 929.034
4017 929.034
4018 929.034
4019 929.034
4020 929.031
4021 929.028
4022 929.029
4023 929.028
4024 929.026
4025 929.025
4026 929.025
4027 929.023
4028 929.021
4029 929.017
4030 929.017
4031 929.019
4032 929.033
4033 929.029
4034 929.033
4035 929.036
4036 929.032
4037 929.032
4038 929.033
4039 929.032
4040 929.033
4041 929.032
4042 929.032
4043 929.028
4044 929.035
4045 929.032
4046 929.027
4047 929.028
4048 929.028
4049 929.027
4050 929.033
4051 929.034
4052 929.036
4053 929.038
4054 929.041
4055 929.039
4056 929.042
4057 929.047
4058 929.047
4059 929.044
4060 929.044
4061 929.042
4062 929.041
4063 929.039
4064 929.04
4065 929.038
4066 929.039
4067 929.037
4068 929.038
4069 929.037
4070 929.037
4071 929.041
4072 929.044
4073 929.046
4074 929.044
4075 929.043
4076 929.048
4077 929.047
4078 929.05
4079 929.048
4080 929.046
4081 929.044
4082 929.044
4083 929.04
4084 929.042
4085 929.041
4086 929.042
4087 929.031
4088 929.033
4089 929.031
4090 929.027
4091 929.026
4092 929.025
4093 929.027
4094 929.024
4095 929.029
4096 929.028
4097 929.028
4098 929.029
4099 929.028
4100 929.033
4101 929.033
4102 929.028
4103 929.028
4104 929.027
4105 929.026
4106 929.032
4107 929.031
4108 929.03
4109 929.03
4110 929.025
4111 929.028
4112 929.033
4113 929.033
4114 929.032
4115 929.032
4116 929.03
4117 929.043
4118 929.042
4119 929.049
4120 929.049
4121 929.048
4122 929.049
4123 929.048
4124 929.047
4125 929.047
4126 929.047
4127 929.047
4128 929.045
4129 929.044
4130 929.044
4131 929.046
4132 929.045
4133 929.044
4134 929.046
4135 929.044
4136 929.045
4137 929.045
4138 929.046
4139 929.045
4140 929.044
4141 929.045
4142 929.049
4143 929.033
4144 929.036
4145 929.049
4146 929.052
4147 929.051
4148 929.059
4149 929.058
4150 929.053
4151 929.047
4152 929.044
4153 929.047
4154 929.045
4155 929.056
4156 929.053
4157 929.054
4158 929.056
4159 929.055
4160 929.054
4161 929.055
4162 929.056
4163 929.055
4164 929.056
4165 929.065
4166 929.064
4167 929.062
4168 929.071
4169 929.07
4170 929.064
4171 929.066
4172 929.065
4173 929.069
4174 929.071
4175 929.076
4176 929.072
4177 929.072
4178 929.072
4179 929.069
4180 929.068
4181 929.067
4182 929.066
4183 929.065
4184 929.066
4185 929.05
4186 929.048
4187 929.048
4188 929.06
4189 929.058
4190 929.058
4191 929.069
4192 929.071
4193 929.073
4194 929.086
4195 929.084
4196 929.077
4197 929.074
4198 929.072
4199 929.072
4200 929.069
4201 929.074
4202 929.072
4203 929.064
4204 929.066
4205 929.065
4206 929.057
4207 929.055
4208 929.053
4209 929.061
4210 929.06
4211 929.061
4212 929.062
4213 929.06
4214 929.06
4215 929.051
4216 929.051
4217 929.046
4218 929.047
4219 929.049
4220 929.048
4221 929.045
4222 929.047
4223 929.058
4224 929.053
4225 929.054
4226 929.057
4227 929.058
4228 929.057
4229 929.043
4230 929.051
4231 929.049
4232 929.049
4233 929.044
4234 929.057
4235 929.064
4236 929.063
4237 929.062
4238 929.061
4239 929.06
4240 929.06
4241 929.061
4242 929.061
4243 929.058
4244 929.057
4245 929.064
4246 929.056
4247 929.064
4248 929.066
4249 929.065
4250 929.065
4251 929.063
4252 929.069
4253 929.069
4254 929.07
4255 929.071
4256 929.077
4257 929.075
4258 929.074
4259 929.076
4260 929.074
4261 929.072
4262 929.07
4263 929.074
4264 929.076
4265 929.079
4266 929.079
4267 929.078
4268 929.079
4269 929.078
4270 929.08
4271 929.077
4272 929.08
4273 929.078
4274 929.076
4275 929.077
4276 929.074
4277 929.077
4278 929.084
4279 929.082
4280 929.086
4281 929.081
4282 929.083
4283 929.078
4284 929.084
4285 929.091
4286 929.101
4287 929.096
4288 929.099
4289 929.096
4290 929.096
4291 929.095
4292 929.091
4293 929.1
4294 929.111
4295 929.11
4296 929.108
4297 929.112
4298 929.118
4299 929.126
4300 929.131
4301 929.126
4302 929.13
4303 929.119
4304 929.14
4305 929.152
4306 929.154
4307 929.166
4308 929.167
4309 929.164
4310 929.158
4311 929.159
4312 929.158
4313 929.154
4314 929.153
4315 929.154
4316 929.167
4317 929.171
4318 929.171
4319 929.169
4320 929.172
4321 929.17
4322 929.17
4323 929.169
4324 929.168
4325 929.164
4326 929.162
4327 929.158
4328 929.161
4329 929.154
4330 929.159
4331 929.153
4332 929.164
4333 929.16
4334 929.169
4335 929.169
4336 929.168
4337 929.163
4338 929.158
4339 929.151
4340 929.158
4341 929.165
4342 929.163
4343 929.165
4344 929.167
4345 929.166
4346 929.167
4347 929.166
4348 929.156
4349 929.149
4350 929.15
4351 929.148
4352 929.149
4353 929.158
4354 929.156
4355 929.147
4356 929.15
4357 929.155
4358 929.163
4359 929.161
4360 929.155
4361 929.151
4362 929.148
4363 929.164
4364 929.163
4365 929.172
4366 929.171
4367 929.169
4368 929.18
4369 929.174
4370 929.186
4371 929.184
4372 929.183
4373 929.183
4374 929.194
4375 929.19
4376 929.189
4377 929.188
4378 929.187
4379 929.185
4380 929.177
4381 929.18
4382 929.184
4383 929.211
4384 929.221
4385 929.227
4386 929.225
4387 929.216
4388 929.215
4389 929.215
4390 929.206
4391 929.208
4392 929.216
4393 929.21
4394 929.209
4395 929.208
4396 929.206
4397 929.208
4398 929.204
4399 929.203
4400 929.216
4401 929.213
4402 929.212
4403 929.215
4404 929.236
4405 929.224
4406 929.239
4407 929.237
4408 929.233
4409 929.233
4410 929.228
4411 929.23
4412 929.229
4413 929.227
4414 929.247
4415 929.245
4416 929.255
4417 929.247
4418 929.255
4419 929.25
4420 929.249
4421 929.251
4422 929.25
4423 929.25
4424 929.249
4425 929.262
4426 929.26
4427 929.254
4428 929.249
4429 929.262
4430 929.272
4431 929.272
4432 929.27
4433 929.268
4434 929.268
4435 929.271
4436 929.269
4437 929.266
4438 929.266
4439 929.263
4440 929.251
4441 929.28
4442 929.282
4443 929.279
4444 929.295
4445 929.286
4446 929.288
4447 929.286
4448 929.275
4449 929.272
4450 929.287
4451 929.299
4452 929.311
4453 929.309
4454 929.309
4455 929.315
4456 929.315
4457 929.32
4458 929.32
4459 929.319
4460 929.319
4461 929.319
4462 929.308
4463 929.306
4464 929.302
4465 929.3
4466 929.299
4467 929.3
4468 929.311
4469 929.308
4470 929.313
4471 929.309
4472 929.319
4473 929.324
4474 929.325
4475 929.344
4476 929.345
4477 929.343
4478 929.344
4479 929.348
4480 929.348
4481 929.346
4482 929.346
4483 929.354
4484 929.354
4485 929.353
4486 929.353
4487 929.359
4488 929.357
4489 929.356
4490 929.356
4491 929.356
4492 929.371
4493 929.367
4494 929.365
4495 929.36
4496 929.375
4497 929.385
4498 929.382
4499 929.396
4500 929.391
4501 929.402
4502 929.402
4503 929.413
4504 929.456
4505 929.451
4506 929.447
4507 929.45
4508 929.447
4509 929.448
4510 929.45
4511 929.449
4512 929.449
4513 929.448
4514 929.448
4515 929.446
4516 929.444
4517 929.441
4518 929.444
4519 929.441
4520 929.436
4521 929.444
4522 929.442
4523 929.439
4524 929.441
4525 929.436
4526 929.441
4527 929.441
4528 929.439
4529 929.445
4530 929.443
4531 929.442
4532 929.449
4533 929.443
4534 929.448
4535 929.466
4536 929.453
4537 929.457
4538 929.455
4539 929.465
4540 929.458
4541 929.456
4542 929.465
4543 929.478
4544 929.487
4545 929.487
4546 929.47
4547 929.467
4548 929.462
4549 929.46
4550 929.46
4551 929.462
4552 929.458
4553 929.454
4554 929.449
4555 929.441
4556 929.45
4557 929.447
4558 929.446
4559 929.444
4560 929.444
4561 929.454
4562 929.456
4563 929.457
4564 929.463
4565 929.453
4566 929.458
4567 929.452
4568 929.457
4569 929.446
4570 929.441
4571 929.438
4572 929.444
4573 929.443
4574 929.446
4575 929.456
4576 929.453
4577 929.451
4578 929.434
4579 929.451
4580 929.471
4581 929.468
4582 929.463
4583 929.456
4584 929.458
4585 929.464
4586 929.487
4587 929.496
4588 929.512
4589 929.516
4590 929.518
4591 929.514
4592 929.506
4593 929.524
4594 929.532
4595 929.542
4596 929.538
4597 929.538
4598 929.533
4599 929.55
4600 929.551
4601 929.55
4602 929.551
4603 929.565
4604 929.567
4605 929.566
4606 929.565
4607 929.561
4608 929.569
4609 929.569
4610 929.568
4611 929.565
4612 929.565
4613 929.565
4614 929.568
4615 929.563
4616 929.563
4617 929.563
4618 929.563
4619 929.564
4620 929.564
4621 929.586
4622 929.587
4623 929.587
4624 929.596
4625 929.595
4626 929.595
4627 929.599
4628 929.601
4629 929.601
4630 929.599
4631 929.616
4632 929.612
4633 929.612
4634 929.612
4635 929.612
4636 929.612
4637 929.612
4638 929.627
4639 929.626
4640 929.627
4641 929.626
4642 929.626
4643 929.625
4644 929.632
4645 929.628
4646 929.629
4647 929.628
4648 929.631
4649 929.635
4650 929.636
4651 929.645
4652 929.645
4653 929.643
4654 929.643
4655 929.641
4656 929.638
4657 929.634
4658 929.635
4659 929.634
4660 929.634
4661 929.64
4662 929.655
4663 929.651
4664 929.655
4665 929.654
4666 929.648
4667 929.652
4668 929.654
4669 929.651
4670 929.653
4671 929.652
4672 929.645
4673 929.642
4674 929.646
4675 929.644
4676 929.64
4677 929.642
4678 929.641
4679 929.631
4680 929.659
4681 929.661
4682 929.656
4683 929.658
4684 929.655
4685 929.64
4686 929.658
4687 929.658
4688 929.652
4689 929.647
4690 929.664
4691 929.665
4692 929.671
4693 929.667
4694 929.667
4695 929.664
4696 929.662
4697 929.672
4698 929.672
4699 929.67
4700 929.673
4701 929.677
4702 929.677
4703 929.68
4704 929.68
4705 929.678
4706 929.677
4707 929.683
4708 929.69
4709 929.697
4710 929.696
4711 929.698
4712 929.695
4713 929.693
4714 929.692
4715 929.688
4716 929.697
4717 929.699
4718 929.713
4719 929.727
4720 929.725
4721 929.727
4722 929.725
4723 929.73
4724 929.72
4725 929.718
4726 929.716
4727 929.713
4728 929.708
4729 929.71
4730 929.713
4731 929.731
4732 929.735
4733 929.743
4734 929.748
4735 929.759
4736 929.746
4737 929.747
4738 929.756
4739 929.756
4740 929.754
4741 929.745
4742 929.746
4743 929.745
4744 929.754
4745 929.752
4746 929.752
4747 929.752
4748 929.751
4749 929.764
4750 929.769
4751 929.769
4752 929.77
4753 929.764
4754 929.763
4755 929.785
4756 929.783
4757 929.788
4758 929.786
4759 929.791
4760 929.788
4761 929.796
4762 929.794
4763 929.794
4764 929.792
4765 929.792
4766 929.793
4767 929.795
4768 929.794
4769 929.795
4770 929.794
4771 929.804
4772 929.805
4773 929.803
4774 929.804
4775 929.806
4776 929.808
4777 929.809
4778 929.808
4779 929.809
4780 929.806
4781 929.806
4782 929.807
4783 929.807
4784 929.812
4785 929.81
4786 929.81
4787 929.812
4788 929.81
4789 929.819
4790 929.825
4791 929.823
4792 929.823
4793 929.822
4794 929.822
4795 929.815
4796 929.818
4797 929.825
4798 929.839
4799 929.839
4800 929.834
4801 929.843
4802 929.845
4803 929.845
4804 929.843
4805 929.852
4806 929.853
4807 929.851
4808 929.852
4809 929.852
4810 929.851
4811 929.843
4812 929.848
4813 929.849
4814 929.85
4815 929.851
4816 929.851
4817 929.853
4818 929.854
4819 929.852
4820 929.855
4821 929.855
4822 929.857
4823 929.858
4824 929.858
4825 929.858
4826 929.859
4827 929.857
4828 929.857
4829 929.858
4830 929.855
4831 929.859
4832 929.871
4833 929.868
4834 929.871
4835 929.871
4836 929.877
4837 929.88
4838 929.881
4839 929.879
4840 929.878
4841 929.879
4842 929.884
4843 929.886
4844 929.888
4845 929.892
4846 929.893
4847 929.892
4848 929.895
4849 929.9
4850 929.899
4851 929.897
4852 929.901
4853 929.903
4854 929.904
4855 929.903
4856 929.903
4857 929.907
4858 929.91
4859 929.911
4860 929.91
4861 929.913
4862 929.913
4863 929.913
4864 929.912
4865 929.911
4866 929.911
4867 929.912
4868 929.911
4869 929.912
4870 929.913
4871 929.914
4872 929.912
4873 929.919
4874 929.918
4875 929.92
4876 929.92
4877 929.926
4878 929.925
4879 929.928
4880 929.927
4881 929.928
4882 929.929
4883 929.929
4884 929.928
4885 929.93
4886 929.932
4887 929.929
4888 929.929
4889 929.931
4890 929.931
4891 929.931
4892 929.934
4893 929.935
4894 929.935
4895 929.936
4896 929.936
4897 929.938
4898 929.938
4899 929.939
4900 929.94
4901 929.941
4902 929.942
4903 929.941
4904 929.943
4905 929.944
4906 929.944
4907 929.946
4908 929.947
4909 929.948
4910 929.949
4911 929.947
4912 929.947
4913 929.95
4914 929.952
4915 929.951
4916 929.952
4917 929.952
4918 929.951
4919 929.952
4920 929.954
4921 929.956
4922 929.956
4923 929.956
4924 929.961
4925 929.961
4926 929.962
4927 929.963
4928 929.964
4929 929.965
4930 929.966
4931 929.966
4932 929.965
4933 929.965
4934 929.967
4935 929.969
4936 929.97
4937 929.968
4938 929.971
4939 929.97
4940 929.972
4941 929.973
4942 929.973
4943 929.973
4944 929.973
4945 929.975
4946 929.974
4947 929.975
4948 929.976
4949 929.977
4950 929.977
4951 929.977
4952 929.978
4953 929.978
4954 929.978
4955 929.979
4956 929.981
4957 929.981
4958 929.981
4959 929.983
4960 929.983
4961 929.983
4962 929.984
4963 929.984
4964 929.984
4965 929.984
4966 929.984
4967 929.985
4968 929.985
4969 929.986
4970 929.987
4971 929.987
4972 929.987
4973 929.988
4974 929.988
4975 929.988
4976 929.988
4977 929.989
4978 929.989
4979 929.989
4980 929.989
4981 929.99
4982 929.99
4983 929.99
4984 929.991
4985 929.991
4986 929.991
4987 929.991
4988 929.992
4989 929.992
4990 929.992
4991 929.992
4992 929.992
4993 929.992
4994 929.992
4995 929.993
4996 929.993
4997 929.993
4998 929.993
4999 929.993
